SF:c:\Users\Alex\Documents\GitHub\assetgridapp\backend\Program.cs
FN:10,System.Void Program::<Main>$(System.String[])
FNDA:0,System.Void Program::<Main>$(System.String[])
DA:11,0
DA:13,0
DA:14,0
DA:15,0
DA:16,0
DA:17,0
DA:20,0
DA:21,0
DA:24,0
DA:25,0
DA:26,0
DA:27,0
DA:28,0
DA:29,0
DA:30,0
DA:31,0
DA:32,0
DA:33,0
DA:34,0
DA:35,0
DA:36,0
DA:37,0
DA:38,0
DA:39,0
DA:40,0
DA:41,0
DA:42,0
DA:43,0
DA:44,0
DA:45,0
DA:46,0
DA:47,0
DA:49,0
DA:51,0
DA:52,0
DA:56,0
DA:57,0
DA:58,0
DA:59,0
DA:60,0
DA:68,0
DA:70,0
DA:73,0
DA:74,0
DA:75,0
DA:76,0
DA:77,0
DA:78,0
DA:80,0
DA:81,0
DA:82,0
DA:85,0
DA:86,0
DA:87,0
DA:88,0
DA:90,0
DA:92,0
DA:93,0
DA:94,0
DA:95,0
DA:96,0
DA:99,0
DA:100,0
DA:101,0
DA:102,0
DA:103,0
DA:104,0
DA:106,0
BRDA:14,40,0,0
BRDA:14,40,1,0
BRDA:74,267,0,0
BRDA:74,267,1,0
LF:68
LH:0
BRF:4
BRH:0
FNF:1
FNH:0
end_of_record
SF:c:\Users\Alex\Documents\GitHub\assetgridapp\backend\AppSettings.cs
FN:14,System.String assetgrid_backend.JwtSecret::get_Value()
FNDA:0,System.String assetgrid_backend.JwtSecret::get_Value()
DA:15,0
FN:17,assetgrid_backend.JwtSecret assetgrid_backend.JwtSecret::Get(System.String)
FNDA:0,assetgrid_backend.JwtSecret assetgrid_backend.JwtSecret::Get(System.String)
DA:18,0
DA:19,0
DA:20,0
DA:21,0
DA:22,0
DA:23,0
DA:24,0
DA:25,0
DA:26,0
DA:27,0
DA:28,0
DA:29,0
DA:30,0
DA:31,0
DA:33,0
DA:34,0
DA:35,0
DA:37,0
DA:38,0
DA:39,0
DA:40,0
DA:41,0
DA:43,0
DA:44,0
DA:45,0
BRDA:21,15,0,0
BRDA:21,15,1,0
BRDA:21,28,0,0
BRDA:25,57,0,0
BRDA:25,57,1,0
BRDA:21,28,1,0
BRDA:33,101,0,0
BRDA:37,124,0,0
BRDA:37,124,1,0
BRDA:33,101,1,0
FN:9,System.Void assetgrid_backend.JwtSecret::.ctor(System.String)
FNDA:0,System.Void assetgrid_backend.JwtSecret::.ctor(System.String)
DA:10,0
DA:11,0
DA:12,0
DA:13,0
LF:30
LH:0
BRF:10
BRH:0
FNF:3
FNH:0
end_of_record
SF:c:\Users\Alex\Documents\GitHub\assetgridapp\backend\Services\UserService.cs
FN:28,assetgrid_backend.Models.User assetgrid_backend.Services.UserService::get_MockUser()
FNDA:0,assetgrid_backend.Models.User assetgrid_backend.Services.UserService::get_MockUser()
DA:29,0
FN:36,assetgrid_backend.Models.ViewModels.UserAuthenticatedResponse assetgrid_backend.Services.UserService::Authenticate(System.String,System.String)
FNDA:0,assetgrid_backend.Models.ViewModels.UserAuthenticatedResponse assetgrid_backend.Services.UserService::Authenticate(System.String,System.String)
DA:37,0
DA:39,0
DA:40,0
DA:41,0
DA:42,0
DA:43,0
DA:44,0
DA:45,0
DA:46,0
DA:49,0
DA:52,0
DA:53,0
DA:54,0
DA:57,0
DA:58,0
DA:59,0
DA:61,0
DA:63,0
DA:67,0
DA:69,0
DA:70,0
DA:71,0
DA:72,0
DA:73,0
DA:74,0
DA:75,0
DA:76,0
DA:77,0
DA:78,0
DA:79,0
DA:80,0
DA:81,0
DA:82,0
DA:83,0
BRDA:49,702,0,0
BRDA:49,702,1,0
BRDA:54,759,0,0
BRDA:54,766,1,0
BRDA:54,766,0,0
BRDA:54,759,1,0
FN:85,assetgrid_backend.Models.User assetgrid_backend.Services.UserService::CreateUser(System.String,System.String)
FNDA:0,assetgrid_backend.Models.User assetgrid_backend.Services.UserService::CreateUser(System.String,System.String)
DA:86,0
DA:87,0
DA:88,0
DA:89,0
DA:90,0
DA:91,0
DA:92,0
DA:93,0
DA:94,0
DA:95,0
DA:97,0
DA:98,0
FN:100,assetgrid_backend.Models.UserPreferences assetgrid_backend.Services.UserService::GetPreferences(assetgrid_backend.Models.User)
FNDA:0,assetgrid_backend.Models.UserPreferences assetgrid_backend.Services.UserService::GetPreferences(assetgrid_backend.Models.User)
DA:101,0
DA:102,0
DA:103,0
FN:105,assetgrid_backend.Models.UserPreferences assetgrid_backend.Services.UserService::GetPreferences(System.Int32)
FNDA:0,assetgrid_backend.Models.UserPreferences assetgrid_backend.Services.UserService::GetPreferences(System.Int32)
DA:106,0
DA:107,0
DA:108,0
DA:109,0
FN:111,assetgrid_backend.Models.UserPreferences assetgrid_backend.Services.UserService::preferencesOrDefault(assetgrid_backend.Models.UserPreferences)
FNDA:0,assetgrid_backend.Models.UserPreferences assetgrid_backend.Services.UserService::preferencesOrDefault(assetgrid_backend.Models.UserPreferences)
DA:112,0
DA:113,0
DA:114,0
DA:115,0
DA:116,0
DA:117,0
DA:118,0
DA:119,0
DA:120,0
DA:121,0
BRDA:113,3,0,0
BRDA:113,3,1,0
FN:123,assetgrid_backend.Models.User assetgrid_backend.Services.UserService::GetById(System.Int32)
FNDA:0,assetgrid_backend.Models.User assetgrid_backend.Services.UserService::GetById(System.Int32)
DA:124,0
DA:125,0
DA:126,0
FN:128,assetgrid_backend.Models.User assetgrid_backend.Services.UserService::GetCurrent(Microsoft.AspNetCore.Http.HttpContext)
FNDA:0,assetgrid_backend.Models.User assetgrid_backend.Services.UserService::GetCurrent(Microsoft.AspNetCore.Http.HttpContext)
DA:129,0
DA:130,0
DA:131,0
DA:132,0
DA:135,0
DA:136,0
DA:138,0
BRDA:130,12,0,0
BRDA:130,12,1,0
BRDA:136,26,0,0
BRDA:136,26,1,0
FN:140,System.String assetgrid_backend.Services.UserService::generateJwtToken(assetgrid_backend.Models.User)
FNDA:0,System.String assetgrid_backend.Services.UserService::generateJwtToken(assetgrid_backend.Models.User)
DA:141,0
DA:143,0
DA:144,0
DA:145,0
DA:146,0
DA:147,0
DA:148,0
DA:149,0
DA:150,0
DA:151,0
DA:152,0
DA:153,0
FN:29,System.Void assetgrid_backend.Services.UserService::.ctor(assetgrid_backend.JwtSecret,assetgrid_backend.Data.AssetgridDbContext)
FNDA:0,System.Void assetgrid_backend.Services.UserService::.ctor(assetgrid_backend.JwtSecret,assetgrid_backend.Data.AssetgridDbContext)
DA:30,0
DA:31,0
DA:32,0
DA:33,0
DA:34,0
LF:91
LH:0
BRF:12
BRH:0
FNF:10
FNH:0
end_of_record
SF:c:\Users\Alex\Documents\GitHub\assetgridapp\backend\Models\Account.cs
FN:6,System.Int32 assetgrid_backend.Models.Account::get_Id()
FNDA:0,System.Int32 assetgrid_backend.Models.Account::get_Id()
DA:7,0
FN:7,System.String assetgrid_backend.Models.Account::get_Name()
FNDA:0,System.String assetgrid_backend.Models.Account::get_Name()
DA:8,0
FN:8,System.String assetgrid_backend.Models.Account::get_Description()
FNDA:0,System.String assetgrid_backend.Models.Account::get_Description()
DA:9,0
FN:9,System.String assetgrid_backend.Models.Account::get_AccountNumber()
FNDA:0,System.String assetgrid_backend.Models.Account::get_AccountNumber()
DA:10,0
FN:10,System.Collections.Generic.List`1<assetgrid_backend.Models.UserAccount> assetgrid_backend.Models.Account::get_Users()
FNDA:0,System.Collections.Generic.List`1<assetgrid_backend.Models.UserAccount> assetgrid_backend.Models.Account::get_Users()
DA:11,0
LF:5
LH:0
BRF:0
BRH:0
FNF:5
FNH:0
end_of_record
SF:c:\Users\Alex\Documents\GitHub\assetgridapp\backend\Models\Transaction.cs
FN:7,System.Int32 assetgrid_backend.Models.Transaction::get_Id()
FNDA:0,System.Int32 assetgrid_backend.Models.Transaction::get_Id()
DA:8,0
FN:8,System.Nullable`1<System.Int32> assetgrid_backend.Models.Transaction::get_SourceAccountId()
FNDA:0,System.Nullable`1<System.Int32> assetgrid_backend.Models.Transaction::get_SourceAccountId()
DA:9,0
FN:9,assetgrid_backend.Models.Account assetgrid_backend.Models.Transaction::get_SourceAccount()
FNDA:0,assetgrid_backend.Models.Account assetgrid_backend.Models.Transaction::get_SourceAccount()
DA:10,0
FN:10,System.Nullable`1<System.Int32> assetgrid_backend.Models.Transaction::get_DestinationAccountId()
FNDA:0,System.Nullable`1<System.Int32> assetgrid_backend.Models.Transaction::get_DestinationAccountId()
DA:11,0
FN:11,assetgrid_backend.Models.Account assetgrid_backend.Models.Transaction::get_DestinationAccount()
FNDA:0,assetgrid_backend.Models.Account assetgrid_backend.Models.Transaction::get_DestinationAccount()
DA:12,0
FN:12,System.DateTime assetgrid_backend.Models.Transaction::get_DateTime()
FNDA:0,System.DateTime assetgrid_backend.Models.Transaction::get_DateTime()
DA:13,0
FN:13,System.String assetgrid_backend.Models.Transaction::get_Identifier()
FNDA:0,System.String assetgrid_backend.Models.Transaction::get_Identifier()
DA:14,0
FN:14,System.String assetgrid_backend.Models.Transaction::get_Description()
FNDA:0,System.String assetgrid_backend.Models.Transaction::get_Description()
DA:15,0
FN:15,System.Int64 assetgrid_backend.Models.Transaction::get_Total()
FNDA:0,System.Int64 assetgrid_backend.Models.Transaction::get_Total()
DA:16,0
FN:16,System.String assetgrid_backend.Models.Transaction::get_Category()
FNDA:0,System.String assetgrid_backend.Models.Transaction::get_Category()
DA:17,0
FN:18,System.Collections.Generic.List`1<assetgrid_backend.Models.TransactionLine> assetgrid_backend.Models.Transaction::get_TransactionLines()
FNDA:0,System.Collections.Generic.List`1<assetgrid_backend.Models.TransactionLine> assetgrid_backend.Models.Transaction::get_TransactionLines()
DA:19,0
FN:35,System.Int64 assetgrid_backend.Models.Transaction/<>c::<System.ComponentModel.DataAnnotations.IValidatableObject.Validate>b__44_0(assetgrid_backend.Models.TransactionLine)
FNDA:0,System.Int64 assetgrid_backend.Models.Transaction/<>c::<System.ComponentModel.DataAnnotations.IValidatableObject.Validate>b__44_0(assetgrid_backend.Models.TransactionLine)
DA:36,0
FN:21,System.Boolean assetgrid_backend.Models.Transaction/<System-ComponentModel-DataAnnotations-IValidatableObject-Validate>d__44::MoveNext()
FNDA:0,System.Boolean assetgrid_backend.Models.Transaction/<System-ComponentModel-DataAnnotations-IValidatableObject-Validate>d__44::MoveNext()
DA:22,0
DA:23,0
DA:24,0
DA:25,0
DA:26,0
DA:27,0
DA:28,0
DA:29,0
DA:30,0
DA:31,0
DA:32,0
DA:33,0
DA:34,0
DA:37,0
DA:38,0
DA:39,0
DA:40,0
DA:41,0
DA:42,0
BRDA:23,74,0,0
BRDA:23,74,1,0
BRDA:23,103,0,0
BRDA:23,103,1,0
BRDA:29,223,0,0
BRDA:29,223,1,0
BRDA:36,298,0,0
BRDA:36,298,1,0
BRDA:36,375,0,0
BRDA:36,375,1,0
FN:47,System.Linq.IQueryable`1<assetgrid_backend.Models.ViewModels.ViewTransaction> assetgrid_backend.Models.TransactionQueryableExtensions::SelectView(System.Linq.IQueryable`1<assetgrid_backend.Models.Transaction>,System.Int32)
FNDA:0,System.Linq.IQueryable`1<assetgrid_backend.Models.ViewModels.ViewTransaction> assetgrid_backend.Models.TransactionQueryableExtensions::SelectView(System.Linq.IQueryable`1<assetgrid_backend.Models.Transaction>,System.Int32)
DA:48,0
DA:49,0
DA:50,0
DA:51,0
DA:52,0
DA:53,0
DA:54,0
DA:55,0
DA:56,0
DA:57,0
DA:58,0
DA:59,0
DA:60,0
DA:61,0
DA:62,0
DA:63,0
DA:64,0
DA:65,0
DA:66,0
DA:67,0
DA:68,0
DA:69,0
DA:70,0
DA:71,0
DA:72,0
DA:73,0
DA:74,0
DA:75,0
DA:76,0
DA:77,0
DA:78,0
DA:79,0
DA:80,0
DA:81,0
DA:82,0
DA:83,0
DA:84,0
LF:68
LH:0
BRF:10
BRH:0
FNF:14
FNH:0
end_of_record
SF:c:\Users\Alex\Documents\GitHub\assetgridapp\backend\Models\TransactionLine.cs
FN:4,System.Int32 assetgrid_backend.Models.TransactionLine::get_Id()
FNDA:0,System.Int32 assetgrid_backend.Models.TransactionLine::get_Id()
DA:5,0
FN:5,System.Int32 assetgrid_backend.Models.TransactionLine::get_TransactionId()
FNDA:0,System.Int32 assetgrid_backend.Models.TransactionLine::get_TransactionId()
DA:6,0
FN:6,System.Int32 assetgrid_backend.Models.TransactionLine::get_Order()
FNDA:0,System.Int32 assetgrid_backend.Models.TransactionLine::get_Order()
DA:7,0
FN:7,assetgrid_backend.Models.Transaction assetgrid_backend.Models.TransactionLine::get_Transaction()
FNDA:0,assetgrid_backend.Models.Transaction assetgrid_backend.Models.TransactionLine::get_Transaction()
DA:8,0
FN:8,System.Int64 assetgrid_backend.Models.TransactionLine::get_Amount()
FNDA:0,System.Int64 assetgrid_backend.Models.TransactionLine::get_Amount()
DA:9,0
FN:9,System.String assetgrid_backend.Models.TransactionLine::get_Description()
FNDA:0,System.String assetgrid_backend.Models.TransactionLine::get_Description()
DA:10,0
LF:6
LH:0
BRF:0
BRH:0
FNF:6
FNH:0
end_of_record
SF:c:\Users\Alex\Documents\GitHub\assetgridapp\backend\Models\User.cs
FN:4,System.Int32 assetgrid_backend.Models.User::get_Id()
FNDA:0,System.Int32 assetgrid_backend.Models.User::get_Id()
DA:5,0
FN:5,System.String assetgrid_backend.Models.User::get_Email()
FNDA:0,System.String assetgrid_backend.Models.User::get_Email()
DA:6,0
FN:6,System.String assetgrid_backend.Models.User::get_NormalizedEmail()
FNDA:0,System.String assetgrid_backend.Models.User::get_NormalizedEmail()
DA:7,0
FN:7,System.String assetgrid_backend.Models.User::get_HashedPassword()
FNDA:0,System.String assetgrid_backend.Models.User::get_HashedPassword()
DA:8,0
FN:8,assetgrid_backend.Models.UserPreferences assetgrid_backend.Models.User::get_Preferences()
FNDA:0,assetgrid_backend.Models.UserPreferences assetgrid_backend.Models.User::get_Preferences()
DA:9,0
FN:9,System.Collections.Generic.List`1<assetgrid_backend.Models.UserAccount> assetgrid_backend.Models.User::get_Accounts()
FNDA:0,System.Collections.Generic.List`1<assetgrid_backend.Models.UserAccount> assetgrid_backend.Models.User::get_Accounts()
DA:10,0
LF:6
LH:0
BRF:0
BRH:0
FNF:6
FNH:0
end_of_record
SF:c:\Users\Alex\Documents\GitHub\assetgridapp\backend\Models\UserAccount.cs
FN:6,System.Int32 assetgrid_backend.Models.UserAccount::get_Id()
FNDA:0,System.Int32 assetgrid_backend.Models.UserAccount::get_Id()
DA:7,0
FN:7,System.Int32 assetgrid_backend.Models.UserAccount::get_UserId()
FNDA:0,System.Int32 assetgrid_backend.Models.UserAccount::get_UserId()
DA:8,0
FN:8,assetgrid_backend.Models.User assetgrid_backend.Models.UserAccount::get_User()
FNDA:0,assetgrid_backend.Models.User assetgrid_backend.Models.UserAccount::get_User()
DA:9,0
FN:9,System.Int32 assetgrid_backend.Models.UserAccount::get_AccountId()
FNDA:0,System.Int32 assetgrid_backend.Models.UserAccount::get_AccountId()
DA:10,0
FN:10,assetgrid_backend.Models.Account assetgrid_backend.Models.UserAccount::get_Account()
FNDA:0,assetgrid_backend.Models.Account assetgrid_backend.Models.UserAccount::get_Account()
DA:11,0
FN:11,assetgrid_backend.Models.UserAccountPermissions assetgrid_backend.Models.UserAccount::get_Permissions()
FNDA:0,assetgrid_backend.Models.UserAccountPermissions assetgrid_backend.Models.UserAccount::get_Permissions()
DA:12,0
FN:12,System.Boolean assetgrid_backend.Models.UserAccount::get_Favorite()
FNDA:0,System.Boolean assetgrid_backend.Models.UserAccount::get_Favorite()
DA:13,0
FN:13,System.Boolean assetgrid_backend.Models.UserAccount::get_IncludeInNetWorth()
FNDA:0,System.Boolean assetgrid_backend.Models.UserAccount::get_IncludeInNetWorth()
DA:14,0
FN:19,System.Linq.IQueryable`1<assetgrid_backend.Models.ViewModels.ViewAccount> assetgrid_backend.Models.AccountQueryableExtensions::SelectView(System.Linq.IQueryable`1<assetgrid_backend.Models.UserAccount>)
FNDA:0,System.Linq.IQueryable`1<assetgrid_backend.Models.ViewModels.ViewAccount> assetgrid_backend.Models.AccountQueryableExtensions::SelectView(System.Linq.IQueryable`1<assetgrid_backend.Models.UserAccount>)
DA:20,0
DA:21,0
DA:22,0
DA:23,0
DA:24,0
DA:25,0
DA:26,0
DA:27,0
DA:28,0
DA:29,0
DA:30,0
DA:31,0
LF:20
LH:0
BRF:0
BRH:0
FNF:9
FNH:0
end_of_record
SF:c:\Users\Alex\Documents\GitHub\assetgridapp\backend\Models\UserPreferences.cs
FN:4,System.Int32 assetgrid_backend.Models.UserPreferences::get_Id()
FNDA:0,System.Int32 assetgrid_backend.Models.UserPreferences::get_Id()
DA:5,0
FN:5,System.Int32 assetgrid_backend.Models.UserPreferences::get_UserId()
FNDA:0,System.Int32 assetgrid_backend.Models.UserPreferences::get_UserId()
DA:6,0
FN:6,assetgrid_backend.Models.User assetgrid_backend.Models.UserPreferences::get_User()
FNDA:0,assetgrid_backend.Models.User assetgrid_backend.Models.UserPreferences::get_User()
DA:7,0
FN:7,System.String assetgrid_backend.Models.UserPreferences::get_DecimalSeparator()
FNDA:0,System.String assetgrid_backend.Models.UserPreferences::get_DecimalSeparator()
DA:8,0
FN:8,System.Int32 assetgrid_backend.Models.UserPreferences::get_DecimalDigits()
FNDA:0,System.Int32 assetgrid_backend.Models.UserPreferences::get_DecimalDigits()
DA:9,0
FN:9,System.String assetgrid_backend.Models.UserPreferences::get_ThousandsSeparator()
FNDA:0,System.String assetgrid_backend.Models.UserPreferences::get_ThousandsSeparator()
DA:10,0
FN:10,System.String assetgrid_backend.Models.UserPreferences::get_DateFormat()
FNDA:0,System.String assetgrid_backend.Models.UserPreferences::get_DateFormat()
DA:11,0
FN:11,System.String assetgrid_backend.Models.UserPreferences::get_DateTimeFormat()
FNDA:0,System.String assetgrid_backend.Models.UserPreferences::get_DateTimeFormat()
DA:12,0
LF:8
LH:0
BRF:0
BRH:0
FNF:8
FNH:0
end_of_record
SF:c:\Users\Alex\Documents\GitHub\assetgridapp\backend\Models\ViewModels\ViewAccount.cs
FN:4,System.Int32 assetgrid_backend.Models.ViewModels.ViewAccount::get_Id()
FNDA:0,System.Int32 assetgrid_backend.Models.ViewModels.ViewAccount::get_Id()
DA:5,0
FN:5,System.String assetgrid_backend.Models.ViewModels.ViewAccount::get_Name()
FNDA:0,System.String assetgrid_backend.Models.ViewModels.ViewAccount::get_Name()
DA:6,0
FN:6,System.String assetgrid_backend.Models.ViewModels.ViewAccount::get_Description()
FNDA:0,System.String assetgrid_backend.Models.ViewModels.ViewAccount::get_Description()
DA:7,0
FN:7,System.String assetgrid_backend.Models.ViewModels.ViewAccount::get_AccountNumber()
FNDA:0,System.String assetgrid_backend.Models.ViewModels.ViewAccount::get_AccountNumber()
DA:8,0
FN:8,System.Boolean assetgrid_backend.Models.ViewModels.ViewAccount::get_Favorite()
FNDA:0,System.Boolean assetgrid_backend.Models.ViewModels.ViewAccount::get_Favorite()
DA:9,0
FN:9,System.Int64 assetgrid_backend.Models.ViewModels.ViewAccount::get_Balance()
FNDA:0,System.Int64 assetgrid_backend.Models.ViewModels.ViewAccount::get_Balance()
DA:10,0
FN:10,System.String assetgrid_backend.Models.ViewModels.ViewAccount::get_BalanceString()
FNDA:0,System.String assetgrid_backend.Models.ViewModels.ViewAccount::get_BalanceString()
DA:11,0
FN:11,System.Boolean assetgrid_backend.Models.ViewModels.ViewAccount::get_IncludeInNetWorth()
FNDA:0,System.Boolean assetgrid_backend.Models.ViewModels.ViewAccount::get_IncludeInNetWorth()
DA:12,0
FN:12,assetgrid_backend.Models.ViewModels.ViewAccount/AccountPermissions assetgrid_backend.Models.ViewModels.ViewAccount::get_Permissions()
FNDA:0,assetgrid_backend.Models.ViewModels.ViewAccount/AccountPermissions assetgrid_backend.Models.ViewModels.ViewAccount::get_Permissions()
DA:13,0
FN:44,assetgrid_backend.Models.ViewModels.ViewAccount/AccountPermissions assetgrid_backend.Models.ViewModels.ViewAccount::PermissionsFromDbPermissions(assetgrid_backend.Models.UserAccountPermissions)
FNDA:0,assetgrid_backend.Models.ViewModels.ViewAccount/AccountPermissions assetgrid_backend.Models.ViewModels.ViewAccount::PermissionsFromDbPermissions(assetgrid_backend.Models.UserAccountPermissions)
DA:45,0
DA:46,0
DA:47,0
FN:49,assetgrid_backend.Models.ViewModels.ViewAccount assetgrid_backend.Models.ViewModels.ViewAccount::GetNoReadAccess(System.Int32)
FNDA:0,assetgrid_backend.Models.ViewModels.ViewAccount assetgrid_backend.Models.ViewModels.ViewAccount::GetNoReadAccess(System.Int32)
DA:50,0
DA:51,0
DA:52,0
DA:53,0
DA:54,0
DA:55,0
DA:56,0
DA:57,0
DA:58,0
DA:59,0
DA:60,0
DA:61,0
FN:14,System.Void assetgrid_backend.Models.ViewModels.ViewAccount::.ctor(System.Int32,System.String,System.String,System.String,System.Boolean,System.Boolean,assetgrid_backend.Models.ViewModels.ViewAccount/AccountPermissions,System.Int64)
FNDA:0,System.Void assetgrid_backend.Models.ViewModels.ViewAccount::.ctor(System.Int32,System.String,System.String,System.String,System.Boolean,System.Boolean,assetgrid_backend.Models.ViewModels.ViewAccount/AccountPermissions,System.Int64)
DA:15,0
DA:16,0
DA:17,0
DA:18,0
DA:19,0
DA:20,0
DA:21,0
DA:22,0
DA:23,0
DA:24,0
DA:25,0
DA:26,0
DA:27,0
DA:28,0
DA:29,0
DA:30,0
DA:31,0
DA:32,0
DA:33,0
DA:34,0
FN:65,System.String assetgrid_backend.Models.ViewModels.ViewCreateAccount::get_Name()
FNDA:0,System.String assetgrid_backend.Models.ViewModels.ViewCreateAccount::get_Name()
DA:66,0
FN:66,System.String assetgrid_backend.Models.ViewModels.ViewCreateAccount::get_Description()
FNDA:0,System.String assetgrid_backend.Models.ViewModels.ViewCreateAccount::get_Description()
DA:67,0
FN:67,System.String assetgrid_backend.Models.ViewModels.ViewCreateAccount::get_AccountNumber()
FNDA:0,System.String assetgrid_backend.Models.ViewModels.ViewCreateAccount::get_AccountNumber()
DA:68,0
FN:68,System.Boolean assetgrid_backend.Models.ViewModels.ViewCreateAccount::get_IncludeInNetWorth()
FNDA:0,System.Boolean assetgrid_backend.Models.ViewModels.ViewCreateAccount::get_IncludeInNetWorth()
DA:69,0
FN:69,System.Boolean assetgrid_backend.Models.ViewModels.ViewCreateAccount::get_Favorite()
FNDA:0,System.Boolean assetgrid_backend.Models.ViewModels.ViewCreateAccount::get_Favorite()
DA:70,0
FN:82,System.Nullable`1<System.DateTime> assetgrid_backend.Models.ViewModels.ViewGetMovementRequest::get_From()
FNDA:0,System.Nullable`1<System.DateTime> assetgrid_backend.Models.ViewModels.ViewGetMovementRequest::get_From()
DA:83,0
FN:83,System.Nullable`1<System.DateTime> assetgrid_backend.Models.ViewModels.ViewGetMovementRequest::get_To()
FNDA:0,System.Nullable`1<System.DateTime> assetgrid_backend.Models.ViewModels.ViewGetMovementRequest::get_To()
DA:84,0
FN:84,assetgrid_backend.Models.ViewModels.AccountMovementResolution assetgrid_backend.Models.ViewModels.ViewGetMovementRequest::get_Resolution()
FNDA:0,assetgrid_backend.Models.ViewModels.AccountMovementResolution assetgrid_backend.Models.ViewModels.ViewGetMovementRequest::get_Resolution()
DA:85,0
FN:89,System.DateTime assetgrid_backend.Models.ViewModels.ViewAccountMovementItem::get_DateTime()
FNDA:0,System.DateTime assetgrid_backend.Models.ViewModels.ViewAccountMovementItem::get_DateTime()
DA:90,0
FN:91,System.Int64 assetgrid_backend.Models.ViewModels.ViewAccountMovementItem::get_Revenue()
FNDA:0,System.Int64 assetgrid_backend.Models.ViewModels.ViewAccountMovementItem::get_Revenue()
DA:92,0
FN:92,System.String assetgrid_backend.Models.ViewModels.ViewAccountMovementItem::get_RevenueString()
FNDA:0,System.String assetgrid_backend.Models.ViewModels.ViewAccountMovementItem::get_RevenueString()
DA:93,0
FN:94,System.Int64 assetgrid_backend.Models.ViewModels.ViewAccountMovementItem::get_Expenses()
FNDA:0,System.Int64 assetgrid_backend.Models.ViewModels.ViewAccountMovementItem::get_Expenses()
DA:95,0
FN:95,System.String assetgrid_backend.Models.ViewModels.ViewAccountMovementItem::get_ExpensesString()
FNDA:0,System.String assetgrid_backend.Models.ViewModels.ViewAccountMovementItem::get_ExpensesString()
DA:96,0
FN:100,System.Int64 assetgrid_backend.Models.ViewModels.ViewGetMovementResponse::get_InitialBalance()
FNDA:0,System.Int64 assetgrid_backend.Models.ViewModels.ViewGetMovementResponse::get_InitialBalance()
DA:101,0
FN:101,System.String assetgrid_backend.Models.ViewModels.ViewGetMovementResponse::get_InitialBalanceString()
FNDA:0,System.String assetgrid_backend.Models.ViewModels.ViewGetMovementResponse::get_InitialBalanceString()
DA:102,0
FN:102,System.Collections.Generic.List`1<assetgrid_backend.Models.ViewModels.ViewAccountMovementItem> assetgrid_backend.Models.ViewModels.ViewGetMovementResponse::get_Items()
FNDA:0,System.Collections.Generic.List`1<assetgrid_backend.Models.ViewModels.ViewAccountMovementItem> assetgrid_backend.Models.ViewModels.ViewGetMovementResponse::get_Items()
DA:103,0
FN:107,System.Collections.Generic.Dictionary`2<System.Int32,assetgrid_backend.Models.ViewModels.ViewGetMovementResponse> assetgrid_backend.Models.ViewModels.ViewGetMovementAllResponse::get_Items()
FNDA:0,System.Collections.Generic.Dictionary`2<System.Int32,assetgrid_backend.Models.ViewModels.ViewGetMovementResponse> assetgrid_backend.Models.ViewModels.ViewGetMovementAllResponse::get_Items()
DA:108,0
FN:108,System.Collections.Generic.List`1<assetgrid_backend.Models.ViewModels.ViewAccount> assetgrid_backend.Models.ViewModels.ViewGetMovementAllResponse::get_Accounts()
FNDA:0,System.Collections.Generic.List`1<assetgrid_backend.Models.ViewModels.ViewAccount> assetgrid_backend.Models.ViewModels.ViewGetMovementAllResponse::get_Accounts()
DA:109,0
FN:113,System.String assetgrid_backend.Models.ViewModels.ViewCategorySummary::get_Category()
FNDA:0,System.String assetgrid_backend.Models.ViewModels.ViewCategorySummary::get_Category()
DA:114,0
FN:114,System.Int64 assetgrid_backend.Models.ViewModels.ViewCategorySummary::get_Expenses()
FNDA:0,System.Int64 assetgrid_backend.Models.ViewModels.ViewCategorySummary::get_Expenses()
DA:115,0
FN:115,System.Int64 assetgrid_backend.Models.ViewModels.ViewCategorySummary::get_Revenue()
FNDA:0,System.Int64 assetgrid_backend.Models.ViewModels.ViewCategorySummary::get_Revenue()
DA:116,0
LF:65
LH:0
BRF:0
BRH:0
FNF:33
FNH:0
end_of_record
SF:c:\Users\Alex\Documents\GitHub\assetgridapp\backend\Models\ViewModels\ViewPreferences.cs
FN:6,System.String assetgrid_backend.Models.ViewModels.ViewPreferences::get_DecimalSeparator()
FNDA:0,System.String assetgrid_backend.Models.ViewModels.ViewPreferences::get_DecimalSeparator()
DA:7,0
FN:7,System.Int32 assetgrid_backend.Models.ViewModels.ViewPreferences::get_DecimalDigits()
FNDA:0,System.Int32 assetgrid_backend.Models.ViewModels.ViewPreferences::get_DecimalDigits()
DA:8,0
FN:8,System.String assetgrid_backend.Models.ViewModels.ViewPreferences::get_ThousandsSeparator()
FNDA:0,System.String assetgrid_backend.Models.ViewModels.ViewPreferences::get_ThousandsSeparator()
DA:9,0
FN:9,System.String assetgrid_backend.Models.ViewModels.ViewPreferences::get_DateFormat()
FNDA:0,System.String assetgrid_backend.Models.ViewModels.ViewPreferences::get_DateFormat()
DA:10,0
FN:10,System.String assetgrid_backend.Models.ViewModels.ViewPreferences::get_DateTimeFormat()
FNDA:0,System.String assetgrid_backend.Models.ViewModels.ViewPreferences::get_DateTimeFormat()
DA:11,0
FN:13,System.Void assetgrid_backend.Models.ViewModels.ViewPreferences::.ctor(System.String,System.Int32,System.String,System.String,System.String)
FNDA:0,System.Void assetgrid_backend.Models.ViewModels.ViewPreferences::.ctor(System.String,System.Int32,System.String,System.String,System.String)
DA:14,0
DA:15,0
DA:16,0
DA:17,0
DA:18,0
DA:19,0
DA:20,0
DA:21,0
FN:22,System.Void assetgrid_backend.Models.ViewModels.ViewPreferences::.ctor(assetgrid_backend.Models.UserPreferences)
FNDA:0,System.Void assetgrid_backend.Models.ViewModels.ViewPreferences::.ctor(assetgrid_backend.Models.UserPreferences)
DA:23,0
DA:24,0
DA:25,0
DA:26,0
DA:27,0
DA:28,0
DA:29,0
DA:30,0
LF:21
LH:0
BRF:0
BRH:0
FNF:7
FNH:0
end_of_record
SF:c:\Users\Alex\Documents\GitHub\assetgridapp\backend\Models\ViewModels\ViewSearch.cs
FN:4,assetgrid_backend.Models.ViewModels.ViewSearchGroup assetgrid_backend.Models.ViewModels.ViewSearch::get_Query()
FNDA:0,assetgrid_backend.Models.ViewModels.ViewSearchGroup assetgrid_backend.Models.ViewModels.ViewSearch::get_Query()
DA:5,0
FN:5,System.Int32 assetgrid_backend.Models.ViewModels.ViewSearch::get_From()
FNDA:0,System.Int32 assetgrid_backend.Models.ViewModels.ViewSearch::get_From()
DA:6,0
FN:6,System.Int32 assetgrid_backend.Models.ViewModels.ViewSearch::get_To()
FNDA:0,System.Int32 assetgrid_backend.Models.ViewModels.ViewSearch::get_To()
DA:7,0
FN:7,System.String assetgrid_backend.Models.ViewModels.ViewSearch::get_OrderByColumn()
FNDA:0,System.String assetgrid_backend.Models.ViewModels.ViewSearch::get_OrderByColumn()
DA:8,0
FN:8,System.Nullable`1<System.Boolean> assetgrid_backend.Models.ViewModels.ViewSearch::get_Descending()
FNDA:0,System.Nullable`1<System.Boolean> assetgrid_backend.Models.ViewModels.ViewSearch::get_Descending()
DA:9,0
FN:13,System.String assetgrid_backend.Models.ViewModels.ViewSearchQuery::get_Column()
FNDA:0,System.String assetgrid_backend.Models.ViewModels.ViewSearchQuery::get_Column()
DA:14,0
FN:14,System.Object assetgrid_backend.Models.ViewModels.ViewSearchQuery::get_Value()
FNDA:0,System.Object assetgrid_backend.Models.ViewModels.ViewSearchQuery::get_Value()
DA:15,0
FN:15,assetgrid_backend.Models.ViewModels.ViewSearchOperator assetgrid_backend.Models.ViewModels.ViewSearchQuery::get_Operator()
FNDA:0,assetgrid_backend.Models.ViewModels.ViewSearchOperator assetgrid_backend.Models.ViewModels.ViewSearchQuery::get_Operator()
DA:16,0
FN:16,System.Boolean assetgrid_backend.Models.ViewModels.ViewSearchQuery::get_Not()
FNDA:0,System.Boolean assetgrid_backend.Models.ViewModels.ViewSearchQuery::get_Not()
DA:17,0
FN:21,System.String assetgrid_backend.Models.ViewModels.ViewSearchQuery::get_OperatorString()
FNDA:0,System.String assetgrid_backend.Models.ViewModels.ViewSearchQuery::get_OperatorString()
DA:22,0
DA:23,0
DA:26,0
DA:28,0
DA:30,0
DA:32,0
DA:34,0
DA:36,0
DA:38,0
BRDA:23,11,1,0
BRDA:26,44,0,0
BRDA:26,44,1,0
BRDA:23,11,2,0
BRDA:28,67,0,0
BRDA:28,67,1,0
BRDA:23,11,3,0
BRDA:30,90,0,0
BRDA:30,90,1,0
BRDA:23,11,4,0
BRDA:32,113,0,0
BRDA:32,113,1,0
BRDA:23,11,5,0
BRDA:34,136,0,0
BRDA:34,136,1,0
BRDA:23,11,0,0
FN:43,assetgrid_backend.Models.ViewModels.ViewSearchGroupType assetgrid_backend.Models.ViewModels.ViewSearchGroup::get_Type()
FNDA:0,assetgrid_backend.Models.ViewModels.ViewSearchGroupType assetgrid_backend.Models.ViewModels.ViewSearchGroup::get_Type()
DA:44,0
FN:44,System.Collections.Generic.List`1<assetgrid_backend.Models.ViewModels.ViewSearchGroup> assetgrid_backend.Models.ViewModels.ViewSearchGroup::get_Children()
FNDA:0,System.Collections.Generic.List`1<assetgrid_backend.Models.ViewModels.ViewSearchGroup> assetgrid_backend.Models.ViewModels.ViewSearchGroup::get_Children()
DA:45,0
FN:45,assetgrid_backend.Models.ViewModels.ViewSearchQuery assetgrid_backend.Models.ViewModels.ViewSearchGroup::get_Query()
FNDA:0,assetgrid_backend.Models.ViewModels.ViewSearchQuery assetgrid_backend.Models.ViewModels.ViewSearchGroup::get_Query()
DA:46,0
FN:48,System.String assetgrid_backend.Models.ViewModels.ViewSearchGroup::ToString()
FNDA:0,System.String assetgrid_backend.Models.ViewModels.ViewSearchGroup::ToString()
DA:49,0
DA:50,0
DA:53,0
DA:55,0
DA:57,0
DA:58,0
DA:59,0
DA:61,0
DA:63,0
BRDA:50,11,0,0
BRDA:50,17,1,0
BRDA:53,33,0,0
BRDA:53,33,1,0
BRDA:53,53,0,0
BRDA:53,53,1,0
BRDA:50,11,1,0
BRDA:55,89,0,0
BRDA:55,89,1,0
BRDA:55,109,0,0
BRDA:55,109,1,0
BRDA:50,17,0,0
BRDA:57,146,0,0
BRDA:57,146,1,0
BRDA:61,242,0,0
BRDA:61,242,1,0
BRDA:61,254,0,0
BRDA:61,254,1,0
FN:67,System.Collections.Generic.List`1<T> assetgrid_backend.Models.ViewModels.ViewSearchResponse`1::get_Data()
FNDA:0,System.Collections.Generic.List`1<T> assetgrid_backend.Models.ViewModels.ViewSearchResponse`1::get_Data()
DA:68,0
FN:68,System.Int32 assetgrid_backend.Models.ViewModels.ViewSearchResponse`1::get_TotalItems()
FNDA:0,System.Int32 assetgrid_backend.Models.ViewModels.ViewSearchResponse`1::get_TotalItems()
DA:69,0
LF:32
LH:0
BRF:34
BRH:0
FNF:16
FNH:0
end_of_record
SF:c:\Users\Alex\Documents\GitHub\assetgridapp\backend\Models\ViewModels\ViewTransaction.cs
FN:6,System.Nullable`1<System.Int32> assetgrid_backend.Models.ViewModels.ViewCreateTransaction::get_SourceId()
FNDA:0,System.Nullable`1<System.Int32> assetgrid_backend.Models.ViewModels.ViewCreateTransaction::get_SourceId()
DA:7,0
FN:7,System.Nullable`1<System.Int32> assetgrid_backend.Models.ViewModels.ViewCreateTransaction::get_DestinationId()
FNDA:0,System.Nullable`1<System.Int32> assetgrid_backend.Models.ViewModels.ViewCreateTransaction::get_DestinationId()
DA:8,0
FN:8,System.DateTime assetgrid_backend.Models.ViewModels.ViewCreateTransaction::get_DateTime()
FNDA:0,System.DateTime assetgrid_backend.Models.ViewModels.ViewCreateTransaction::get_DateTime()
DA:9,0
FN:9,System.String assetgrid_backend.Models.ViewModels.ViewCreateTransaction::get_Description()
FNDA:0,System.String assetgrid_backend.Models.ViewModels.ViewCreateTransaction::get_Description()
DA:10,0
FN:10,System.String assetgrid_backend.Models.ViewModels.ViewCreateTransaction::get_Identifier()
FNDA:0,System.String assetgrid_backend.Models.ViewModels.ViewCreateTransaction::get_Identifier()
DA:11,0
FN:11,System.String assetgrid_backend.Models.ViewModels.ViewCreateTransaction::get_Category()
FNDA:0,System.String assetgrid_backend.Models.ViewModels.ViewCreateTransaction::get_Category()
DA:12,0
FN:12,System.Nullable`1<System.Int64> assetgrid_backend.Models.ViewModels.ViewCreateTransaction::get_Total()
FNDA:0,System.Nullable`1<System.Int64> assetgrid_backend.Models.ViewModels.ViewCreateTransaction::get_Total()
DA:13,0
FN:13,System.String assetgrid_backend.Models.ViewModels.ViewCreateTransaction::get_TotalString()
FNDA:0,System.String assetgrid_backend.Models.ViewModels.ViewCreateTransaction::get_TotalString()
DA:14,0
BRDA:14,15,0,0
BRDA:14,15,1,0
FN:14,System.Collections.Generic.List`1<assetgrid_backend.Models.ViewModels.ViewTransactionLine> assetgrid_backend.Models.ViewModels.ViewCreateTransaction::get_Lines()
FNDA:0,System.Collections.Generic.List`1<assetgrid_backend.Models.ViewModels.ViewTransactionLine> assetgrid_backend.Models.ViewModels.ViewCreateTransaction::get_Lines()
DA:15,0
FN:37,System.Int64 assetgrid_backend.Models.ViewModels.ViewCreateTransaction/<>c::<System.ComponentModel.DataAnnotations.IValidatableObject.Validate>b__35_0(assetgrid_backend.Models.ViewModels.ViewTransactionLine)
FNDA:0,System.Int64 assetgrid_backend.Models.ViewModels.ViewCreateTransaction/<>c::<System.ComponentModel.DataAnnotations.IValidatableObject.Validate>b__35_0(assetgrid_backend.Models.ViewModels.ViewTransactionLine)
DA:38,0
FN:17,System.Boolean assetgrid_backend.Models.ViewModels.ViewCreateTransaction/<System-ComponentModel-DataAnnotations-IValidatableObject-Validate>d__35::MoveNext()
FNDA:0,System.Boolean assetgrid_backend.Models.ViewModels.ViewCreateTransaction/<System-ComponentModel-DataAnnotations-IValidatableObject-Validate>d__35::MoveNext()
DA:18,0
DA:19,0
DA:20,0
DA:21,0
DA:22,0
DA:23,0
DA:24,0
DA:25,0
DA:26,0
DA:27,0
DA:28,0
DA:29,0
DA:30,0
DA:32,0
DA:33,0
DA:34,0
DA:35,0
DA:36,0
DA:37,0
DA:39,0
DA:40,0
DA:41,0
DA:42,0
DA:43,0
DA:44,0
BRDA:19,83,0,0
BRDA:19,83,1,0
BRDA:19,112,0,0
BRDA:19,112,1,0
BRDA:25,232,0,0
BRDA:25,232,1,0
BRDA:32,310,0,0
BRDA:32,310,1,0
BRDA:32,338,0,0
BRDA:32,338,1,0
BRDA:38,413,0,0
BRDA:38,432,0,0
BRDA:38,413,1,0
BRDA:38,432,1,0
BRDA:38,530,0,0
BRDA:38,530,1,0
FN:48,System.Nullable`1<System.Int32> assetgrid_backend.Models.ViewModels.ViewUpdateTransaction::get_SourceId()
FNDA:0,System.Nullable`1<System.Int32> assetgrid_backend.Models.ViewModels.ViewUpdateTransaction::get_SourceId()
DA:49,0
FN:49,System.Nullable`1<System.Int32> assetgrid_backend.Models.ViewModels.ViewUpdateTransaction::get_DestinationId()
FNDA:0,System.Nullable`1<System.Int32> assetgrid_backend.Models.ViewModels.ViewUpdateTransaction::get_DestinationId()
DA:50,0
FN:50,System.Nullable`1<System.DateTime> assetgrid_backend.Models.ViewModels.ViewUpdateTransaction::get_DateTime()
FNDA:0,System.Nullable`1<System.DateTime> assetgrid_backend.Models.ViewModels.ViewUpdateTransaction::get_DateTime()
DA:51,0
FN:51,System.String assetgrid_backend.Models.ViewModels.ViewUpdateTransaction::get_Description()
FNDA:0,System.String assetgrid_backend.Models.ViewModels.ViewUpdateTransaction::get_Description()
DA:52,0
FN:52,System.String assetgrid_backend.Models.ViewModels.ViewUpdateTransaction::get_Category()
FNDA:0,System.String assetgrid_backend.Models.ViewModels.ViewUpdateTransaction::get_Category()
DA:53,0
FN:53,System.Collections.Generic.List`1<assetgrid_backend.Models.ViewModels.ViewTransactionLine> assetgrid_backend.Models.ViewModels.ViewUpdateTransaction::get_Lines()
FNDA:0,System.Collections.Generic.List`1<assetgrid_backend.Models.ViewModels.ViewTransactionLine> assetgrid_backend.Models.ViewModels.ViewUpdateTransaction::get_Lines()
DA:54,0
FN:54,System.Nullable`1<System.Int64> assetgrid_backend.Models.ViewModels.ViewUpdateTransaction::get_Total()
FNDA:0,System.Nullable`1<System.Int64> assetgrid_backend.Models.ViewModels.ViewUpdateTransaction::get_Total()
DA:55,0
FN:55,System.String assetgrid_backend.Models.ViewModels.ViewUpdateTransaction::get_TotalString()
FNDA:0,System.String assetgrid_backend.Models.ViewModels.ViewUpdateTransaction::get_TotalString()
DA:56,0
BRDA:56,15,0,0
BRDA:56,15,1,0
FN:56,System.Boolean assetgrid_backend.Models.ViewModels.ViewUpdateTransaction::get_HasUniqueIdentifier()
FNDA:0,System.Boolean assetgrid_backend.Models.ViewModels.ViewUpdateTransaction::get_HasUniqueIdentifier()
DA:57,0
FN:57,System.String assetgrid_backend.Models.ViewModels.ViewUpdateTransaction::get_Identifier()
FNDA:0,System.String assetgrid_backend.Models.ViewModels.ViewUpdateTransaction::get_Identifier()
DA:58,0
FN:62,assetgrid_backend.Models.ViewModels.ViewUpdateTransaction assetgrid_backend.Models.ViewModels.ViewUpdateMultipleTransactions::get_model()
FNDA:0,assetgrid_backend.Models.ViewModels.ViewUpdateTransaction assetgrid_backend.Models.ViewModels.ViewUpdateMultipleTransactions::get_model()
DA:63,0
FN:63,assetgrid_backend.Models.ViewModels.ViewSearchGroup assetgrid_backend.Models.ViewModels.ViewUpdateMultipleTransactions::get_query()
FNDA:0,assetgrid_backend.Models.ViewModels.ViewSearchGroup assetgrid_backend.Models.ViewModels.ViewUpdateMultipleTransactions::get_query()
DA:64,0
FN:68,System.Int32 assetgrid_backend.Models.ViewModels.ViewTransaction::get_Id()
FNDA:0,System.Int32 assetgrid_backend.Models.ViewModels.ViewTransaction::get_Id()
DA:69,0
FN:69,assetgrid_backend.Models.ViewModels.ViewAccount assetgrid_backend.Models.ViewModels.ViewTransaction::get_Source()
FNDA:0,assetgrid_backend.Models.ViewModels.ViewAccount assetgrid_backend.Models.ViewModels.ViewTransaction::get_Source()
DA:70,0
FN:70,assetgrid_backend.Models.ViewModels.ViewAccount assetgrid_backend.Models.ViewModels.ViewTransaction::get_Destination()
FNDA:0,assetgrid_backend.Models.ViewModels.ViewAccount assetgrid_backend.Models.ViewModels.ViewTransaction::get_Destination()
DA:71,0
FN:71,System.DateTime assetgrid_backend.Models.ViewModels.ViewTransaction::get_DateTime()
FNDA:0,System.DateTime assetgrid_backend.Models.ViewModels.ViewTransaction::get_DateTime()
DA:72,0
FN:72,System.String assetgrid_backend.Models.ViewModels.ViewTransaction::get_Description()
FNDA:0,System.String assetgrid_backend.Models.ViewModels.ViewTransaction::get_Description()
DA:73,0
FN:73,System.String assetgrid_backend.Models.ViewModels.ViewTransaction::get_Identifier()
FNDA:0,System.String assetgrid_backend.Models.ViewModels.ViewTransaction::get_Identifier()
DA:74,0
FN:74,System.Int64 assetgrid_backend.Models.ViewModels.ViewTransaction::get_Total()
FNDA:0,System.Int64 assetgrid_backend.Models.ViewModels.ViewTransaction::get_Total()
DA:75,0
FN:76,System.String assetgrid_backend.Models.ViewModels.ViewTransaction::get_Category()
FNDA:0,System.String assetgrid_backend.Models.ViewModels.ViewTransaction::get_Category()
DA:77,0
FN:77,System.String assetgrid_backend.Models.ViewModels.ViewTransaction::get_TotalString()
FNDA:0,System.String assetgrid_backend.Models.ViewModels.ViewTransaction::get_TotalString()
DA:78,0
FN:78,System.Collections.Generic.List`1<assetgrid_backend.Models.ViewModels.ViewTransactionLine> assetgrid_backend.Models.ViewModels.ViewTransaction::get_Lines()
FNDA:0,System.Collections.Generic.List`1<assetgrid_backend.Models.ViewModels.ViewTransactionLine> assetgrid_backend.Models.ViewModels.ViewTransaction::get_Lines()
DA:79,0
FN:83,System.Collections.Generic.List`1<assetgrid_backend.Models.ViewModels.ViewCreateTransaction> assetgrid_backend.Models.ViewModels.ViewTransactionCreateManyResponse::get_Succeeded()
FNDA:0,System.Collections.Generic.List`1<assetgrid_backend.Models.ViewModels.ViewCreateTransaction> assetgrid_backend.Models.ViewModels.ViewTransactionCreateManyResponse::get_Succeeded()
DA:84,0
FN:84,System.Collections.Generic.List`1<assetgrid_backend.Models.ViewModels.ViewCreateTransaction> assetgrid_backend.Models.ViewModels.ViewTransactionCreateManyResponse::get_Failed()
FNDA:0,System.Collections.Generic.List`1<assetgrid_backend.Models.ViewModels.ViewCreateTransaction> assetgrid_backend.Models.ViewModels.ViewTransactionCreateManyResponse::get_Failed()
DA:85,0
FN:85,System.Collections.Generic.List`1<assetgrid_backend.Models.ViewModels.ViewCreateTransaction> assetgrid_backend.Models.ViewModels.ViewTransactionCreateManyResponse::get_Duplicate()
FNDA:0,System.Collections.Generic.List`1<assetgrid_backend.Models.ViewModels.ViewCreateTransaction> assetgrid_backend.Models.ViewModels.ViewTransactionCreateManyResponse::get_Duplicate()
DA:86,0
FN:90,System.Int64 assetgrid_backend.Models.ViewModels.ViewTransactionLine::get_Amount()
FNDA:0,System.Int64 assetgrid_backend.Models.ViewModels.ViewTransactionLine::get_Amount()
DA:91,0
FN:91,System.String assetgrid_backend.Models.ViewModels.ViewTransactionLine::get_AmountString()
FNDA:0,System.String assetgrid_backend.Models.ViewModels.ViewTransactionLine::get_AmountString()
DA:92,0
FN:92,System.String assetgrid_backend.Models.ViewModels.ViewTransactionLine::get_Description()
FNDA:0,System.String assetgrid_backend.Models.ViewModels.ViewTransactionLine::get_Description()
DA:93,0
FN:94,System.Void assetgrid_backend.Models.ViewModels.ViewTransactionLine::.ctor(System.Int64,System.String)
FNDA:0,System.Void assetgrid_backend.Models.ViewModels.ViewTransactionLine::.ctor(System.Int64,System.String)
DA:95,0
DA:96,0
DA:97,0
DA:98,0
DA:99,0
FN:103,System.Nullable`1<System.Int64> assetgrid_backend.Models.ViewModels.ViewTransactionList::get_Total()
FNDA:0,System.Nullable`1<System.Int64> assetgrid_backend.Models.ViewModels.ViewTransactionList::get_Total()
DA:104,0
FN:104,System.String assetgrid_backend.Models.ViewModels.ViewTransactionList::get_TotalString()
FNDA:0,System.String assetgrid_backend.Models.ViewModels.ViewTransactionList::get_TotalString()
DA:105,0
FN:109,System.Nullable`1<System.Int32> assetgrid_backend.Models.ViewModels.ViewTransactionListRequest::get_AccountId()
FNDA:0,System.Nullable`1<System.Int32> assetgrid_backend.Models.ViewModels.ViewTransactionListRequest::get_AccountId()
DA:110,0
FN:110,System.Int32 assetgrid_backend.Models.ViewModels.ViewTransactionListRequest::get_From()
FNDA:0,System.Int32 assetgrid_backend.Models.ViewModels.ViewTransactionListRequest::get_From()
DA:111,0
FN:111,System.Int32 assetgrid_backend.Models.ViewModels.ViewTransactionListRequest::get_To()
FNDA:0,System.Int32 assetgrid_backend.Models.ViewModels.ViewTransactionListRequest::get_To()
DA:112,0
FN:112,System.Boolean assetgrid_backend.Models.ViewModels.ViewTransactionListRequest::get_Descending()
FNDA:0,System.Boolean assetgrid_backend.Models.ViewModels.ViewTransactionListRequest::get_Descending()
DA:113,0
FN:114,assetgrid_backend.Models.ViewModels.ViewSearchGroup assetgrid_backend.Models.ViewModels.ViewTransactionListRequest::get_Query()
FNDA:0,assetgrid_backend.Models.ViewModels.ViewSearchGroup assetgrid_backend.Models.ViewModels.ViewTransactionListRequest::get_Query()
DA:115,0
LF:75
LH:0
BRF:22
BRH:0
FNF:47
FNH:0
end_of_record
SF:c:\Users\Alex\Documents\GitHub\assetgridapp\backend\Models\ViewModels\ViewUser.cs
FN:4,System.Int32 assetgrid_backend.Models.ViewModels.UserAuthenticatedResponse::get_Id()
FNDA:0,System.Int32 assetgrid_backend.Models.ViewModels.UserAuthenticatedResponse::get_Id()
DA:5,0
FN:5,System.String assetgrid_backend.Models.ViewModels.UserAuthenticatedResponse::get_Email()
FNDA:0,System.String assetgrid_backend.Models.ViewModels.UserAuthenticatedResponse::get_Email()
DA:6,0
FN:6,assetgrid_backend.Models.ViewModels.ViewPreferences assetgrid_backend.Models.ViewModels.UserAuthenticatedResponse::get_Preferences()
FNDA:0,assetgrid_backend.Models.ViewModels.ViewPreferences assetgrid_backend.Models.ViewModels.UserAuthenticatedResponse::get_Preferences()
DA:7,0
FN:7,System.Collections.Generic.List`1<assetgrid_backend.Models.ViewModels.ViewAccount> assetgrid_backend.Models.ViewModels.UserAuthenticatedResponse::get_FavoriteAccounts()
FNDA:0,System.Collections.Generic.List`1<assetgrid_backend.Models.ViewModels.ViewAccount> assetgrid_backend.Models.ViewModels.UserAuthenticatedResponse::get_FavoriteAccounts()
DA:8,0
FN:8,System.String assetgrid_backend.Models.ViewModels.UserAuthenticatedResponse::get_Token()
FNDA:0,System.String assetgrid_backend.Models.ViewModels.UserAuthenticatedResponse::get_Token()
DA:9,0
FN:10,System.Void assetgrid_backend.Models.ViewModels.UserAuthenticatedResponse::.ctor(System.Int32,System.String,assetgrid_backend.Models.ViewModels.ViewPreferences,System.Collections.Generic.List`1<assetgrid_backend.Models.ViewModels.ViewAccount>,System.String)
FNDA:0,System.Void assetgrid_backend.Models.ViewModels.UserAuthenticatedResponse::.ctor(System.Int32,System.String,assetgrid_backend.Models.ViewModels.ViewPreferences,System.Collections.Generic.List`1<assetgrid_backend.Models.ViewModels.ViewAccount>,System.String)
DA:11,0
DA:12,0
DA:13,0
DA:14,0
DA:15,0
DA:16,0
DA:17,0
DA:18,0
FN:22,System.String assetgrid_backend.Models.ViewModels.AuthenticateModel::get_Email()
FNDA:0,System.String assetgrid_backend.Models.ViewModels.AuthenticateModel::get_Email()
DA:23,0
FN:23,System.String assetgrid_backend.Models.ViewModels.AuthenticateModel::get_Password()
FNDA:0,System.String assetgrid_backend.Models.ViewModels.AuthenticateModel::get_Password()
DA:24,0
LF:15
LH:0
BRF:0
BRH:0
FNF:8
FNH:0
end_of_record
SF:c:\Users\Alex\Documents\GitHub\assetgridapp\backend\Migrations\20220929205500_v0.1.0.cs
FN:11,System.Void assetgrid_backend.Migrations.v010::Up(Microsoft.EntityFrameworkCore.Migrations.MigrationBuilder)
FNDA:0,System.Void assetgrid_backend.Migrations.v010::Up(Microsoft.EntityFrameworkCore.Migrations.MigrationBuilder)
DA:12,0
DA:13,0
DA:14,0
DA:16,0
DA:17,0
DA:18,0
DA:19,0
DA:20,0
DA:21,0
DA:22,0
DA:23,0
DA:24,0
DA:25,0
DA:26,0
DA:27,0
DA:28,0
DA:29,0
DA:30,0
DA:31,0
DA:32,0
DA:33,0
DA:35,0
DA:36,0
DA:37,0
DA:38,0
DA:39,0
DA:40,0
DA:41,0
DA:42,0
DA:43,0
DA:44,0
DA:45,0
DA:46,0
DA:47,0
DA:48,0
DA:49,0
DA:50,0
DA:51,0
DA:52,0
DA:54,0
DA:55,0
DA:56,0
DA:57,0
DA:58,0
DA:59,0
DA:60,0
DA:61,0
DA:62,0
DA:63,0
DA:64,0
DA:65,0
DA:66,0
DA:67,0
DA:68,0
DA:69,0
DA:70,0
DA:71,0
DA:72,0
DA:73,0
DA:74,0
DA:75,0
DA:76,0
DA:77,0
DA:78,0
DA:79,0
DA:80,0
DA:81,0
DA:82,0
DA:83,0
DA:84,0
DA:85,0
DA:87,0
DA:88,0
DA:89,0
DA:90,0
DA:91,0
DA:92,0
DA:93,0
DA:94,0
DA:95,0
DA:96,0
DA:97,0
DA:98,0
DA:99,0
DA:100,0
DA:101,0
DA:102,0
DA:103,0
DA:104,0
DA:105,0
DA:106,0
DA:107,0
DA:108,0
DA:109,0
DA:110,0
DA:111,0
DA:112,0
DA:113,0
DA:114,0
DA:115,0
DA:117,0
DA:118,0
DA:119,0
DA:120,0
DA:121,0
DA:122,0
DA:123,0
DA:124,0
DA:125,0
DA:126,0
DA:127,0
DA:128,0
DA:129,0
DA:130,0
DA:131,0
DA:132,0
DA:133,0
DA:134,0
DA:135,0
DA:136,0
DA:137,0
DA:138,0
DA:139,0
DA:140,0
DA:141,0
DA:142,0
DA:143,0
DA:144,0
DA:146,0
DA:147,0
DA:148,0
DA:149,0
DA:150,0
DA:151,0
DA:152,0
DA:153,0
DA:154,0
DA:155,0
DA:156,0
DA:157,0
DA:158,0
DA:159,0
DA:160,0
DA:161,0
DA:162,0
DA:163,0
DA:164,0
DA:165,0
DA:166,0
DA:167,0
DA:168,0
DA:170,0
DA:171,0
DA:172,0
DA:173,0
DA:175,0
DA:176,0
DA:177,0
DA:178,0
DA:179,0
DA:181,0
DA:182,0
DA:183,0
DA:184,0
DA:186,0
DA:187,0
DA:188,0
DA:189,0
DA:191,0
DA:192,0
DA:193,0
DA:194,0
DA:196,0
DA:197,0
DA:198,0
DA:199,0
DA:201,0
DA:202,0
DA:203,0
DA:204,0
DA:206,0
DA:207,0
DA:208,0
DA:209,0
DA:211,0
DA:212,0
DA:213,0
DA:214,0
DA:215,0
DA:217,0
DA:218,0
DA:219,0
DA:220,0
DA:221,0
DA:222,0
FN:224,System.Void assetgrid_backend.Migrations.v010::Down(Microsoft.EntityFrameworkCore.Migrations.MigrationBuilder)
FNDA:0,System.Void assetgrid_backend.Migrations.v010::Down(Microsoft.EntityFrameworkCore.Migrations.MigrationBuilder)
DA:225,0
DA:226,0
DA:227,0
DA:229,0
DA:230,0
DA:232,0
DA:233,0
DA:235,0
DA:236,0
DA:238,0
DA:239,0
DA:241,0
DA:242,0
DA:243,0
LF:209
LH:0
BRF:0
BRH:0
FNF:2
FNH:0
end_of_record
SF:c:\Users\Alex\Documents\GitHub\assetgridapp\backend\Migrations\20220929205500_v0.1.0.Designer.cs
FN:17,System.Void assetgrid_backend.Migrations.v010::BuildTargetModel(Microsoft.EntityFrameworkCore.ModelBuilder)
FNDA:0,System.Void assetgrid_backend.Migrations.v010::BuildTargetModel(Microsoft.EntityFrameworkCore.ModelBuilder)
DA:18,0
DA:20,0
DA:21,0
DA:22,0
DA:24,0
DA:25,0
DA:26,0
DA:27,0
DA:28,0
DA:29,0
DA:30,0
DA:31,0
DA:32,0
DA:33,0
DA:34,0
DA:35,0
DA:36,0
DA:37,0
DA:38,0
DA:39,0
DA:40,0
DA:41,0
DA:42,0
DA:43,0
DA:44,0
DA:46,0
DA:47,0
DA:48,0
DA:49,0
DA:50,0
DA:51,0
DA:52,0
DA:53,0
DA:54,0
DA:55,0
DA:56,0
DA:57,0
DA:58,0
DA:59,0
DA:60,0
DA:61,0
DA:62,0
DA:63,0
DA:64,0
DA:65,0
DA:66,0
DA:67,0
DA:68,0
DA:69,0
DA:70,0
DA:71,0
DA:72,0
DA:73,0
DA:74,0
DA:75,0
DA:76,0
DA:77,0
DA:78,0
DA:79,0
DA:80,0
DA:81,0
DA:82,0
DA:83,0
DA:84,0
DA:85,0
DA:86,0
DA:87,0
DA:88,0
DA:89,0
DA:91,0
DA:92,0
DA:93,0
DA:94,0
DA:95,0
DA:96,0
DA:97,0
DA:98,0
DA:99,0
DA:100,0
DA:101,0
DA:102,0
DA:103,0
DA:104,0
DA:105,0
DA:106,0
DA:107,0
DA:108,0
DA:109,0
DA:110,0
DA:111,0
DA:112,0
DA:113,0
DA:114,0
DA:115,0
DA:117,0
DA:118,0
DA:119,0
DA:120,0
DA:121,0
DA:122,0
DA:123,0
DA:124,0
DA:125,0
DA:126,0
DA:127,0
DA:128,0
DA:129,0
DA:130,0
DA:131,0
DA:132,0
DA:133,0
DA:134,0
DA:135,0
DA:136,0
DA:137,0
DA:138,0
DA:139,0
DA:140,0
DA:141,0
DA:143,0
DA:144,0
DA:145,0
DA:146,0
DA:147,0
DA:148,0
DA:149,0
DA:150,0
DA:151,0
DA:152,0
DA:153,0
DA:154,0
DA:155,0
DA:156,0
DA:157,0
DA:158,0
DA:159,0
DA:160,0
DA:161,0
DA:162,0
DA:163,0
DA:164,0
DA:165,0
DA:166,0
DA:167,0
DA:168,0
DA:169,0
DA:170,0
DA:171,0
DA:173,0
DA:174,0
DA:175,0
DA:176,0
DA:177,0
DA:178,0
DA:179,0
DA:180,0
DA:181,0
DA:182,0
DA:183,0
DA:184,0
DA:185,0
DA:186,0
DA:187,0
DA:188,0
DA:189,0
DA:190,0
DA:191,0
DA:192,0
DA:193,0
DA:194,0
DA:195,0
DA:196,0
DA:197,0
DA:198,0
DA:199,0
DA:200,0
DA:201,0
DA:202,0
DA:203,0
DA:204,0
DA:205,0
DA:207,0
DA:208,0
DA:209,0
DA:210,0
DA:211,0
DA:212,0
DA:213,0
DA:214,0
DA:215,0
DA:216,0
DA:217,0
DA:218,0
DA:219,0
DA:220,0
DA:222,0
DA:223,0
DA:224,0
DA:225,0
DA:226,0
DA:227,0
DA:228,0
DA:229,0
DA:230,0
DA:231,0
DA:233,0
DA:234,0
DA:235,0
DA:236,0
DA:237,0
DA:238,0
DA:239,0
DA:240,0
DA:241,0
DA:242,0
DA:243,0
DA:244,0
DA:245,0
DA:246,0
DA:247,0
DA:248,0
DA:249,0
DA:250,0
DA:252,0
DA:253,0
DA:254,0
DA:255,0
DA:256,0
DA:257,0
DA:258,0
DA:259,0
DA:260,0
DA:261,0
DA:263,0
DA:264,0
DA:265,0
DA:266,0
DA:268,0
DA:269,0
DA:270,0
DA:271,0
DA:273,0
DA:274,0
DA:275,0
DA:276,0
DA:277,0
DA:278,0
DA:279,0
DA:281,0
LF:249
LH:0
BRF:0
BRH:0
FNF:1
FNH:0
end_of_record
SF:c:\Users\Alex\Documents\GitHub\assetgridapp\backend\Migrations\AssetgridDbContextModelSnapshot.cs
FN:15,System.Void assetgrid_backend.Migrations.AssetgridDbContextModelSnapshot::BuildModel(Microsoft.EntityFrameworkCore.ModelBuilder)
FNDA:0,System.Void assetgrid_backend.Migrations.AssetgridDbContextModelSnapshot::BuildModel(Microsoft.EntityFrameworkCore.ModelBuilder)
DA:16,0
DA:18,0
DA:19,0
DA:20,0
DA:22,0
DA:23,0
DA:24,0
DA:25,0
DA:26,0
DA:27,0
DA:28,0
DA:29,0
DA:30,0
DA:31,0
DA:32,0
DA:33,0
DA:34,0
DA:35,0
DA:36,0
DA:37,0
DA:38,0
DA:39,0
DA:40,0
DA:41,0
DA:42,0
DA:44,0
DA:45,0
DA:46,0
DA:47,0
DA:48,0
DA:49,0
DA:50,0
DA:51,0
DA:52,0
DA:53,0
DA:54,0
DA:55,0
DA:56,0
DA:57,0
DA:58,0
DA:59,0
DA:60,0
DA:61,0
DA:62,0
DA:63,0
DA:64,0
DA:65,0
DA:66,0
DA:67,0
DA:68,0
DA:69,0
DA:70,0
DA:71,0
DA:72,0
DA:73,0
DA:74,0
DA:75,0
DA:76,0
DA:77,0
DA:78,0
DA:79,0
DA:80,0
DA:81,0
DA:82,0
DA:83,0
DA:84,0
DA:85,0
DA:86,0
DA:87,0
DA:89,0
DA:90,0
DA:91,0
DA:92,0
DA:93,0
DA:94,0
DA:95,0
DA:96,0
DA:97,0
DA:98,0
DA:99,0
DA:100,0
DA:101,0
DA:102,0
DA:103,0
DA:104,0
DA:105,0
DA:106,0
DA:107,0
DA:108,0
DA:109,0
DA:110,0
DA:111,0
DA:112,0
DA:113,0
DA:115,0
DA:116,0
DA:117,0
DA:118,0
DA:119,0
DA:120,0
DA:121,0
DA:122,0
DA:123,0
DA:124,0
DA:125,0
DA:126,0
DA:127,0
DA:128,0
DA:129,0
DA:130,0
DA:131,0
DA:132,0
DA:133,0
DA:134,0
DA:135,0
DA:136,0
DA:137,0
DA:138,0
DA:139,0
DA:141,0
DA:142,0
DA:143,0
DA:144,0
DA:145,0
DA:146,0
DA:147,0
DA:148,0
DA:149,0
DA:150,0
DA:151,0
DA:152,0
DA:153,0
DA:154,0
DA:155,0
DA:156,0
DA:157,0
DA:158,0
DA:159,0
DA:160,0
DA:161,0
DA:162,0
DA:163,0
DA:164,0
DA:165,0
DA:166,0
DA:167,0
DA:168,0
DA:169,0
DA:171,0
DA:172,0
DA:173,0
DA:174,0
DA:175,0
DA:176,0
DA:177,0
DA:178,0
DA:179,0
DA:180,0
DA:181,0
DA:182,0
DA:183,0
DA:184,0
DA:185,0
DA:186,0
DA:187,0
DA:188,0
DA:189,0
DA:190,0
DA:191,0
DA:192,0
DA:193,0
DA:194,0
DA:195,0
DA:196,0
DA:197,0
DA:198,0
DA:199,0
DA:200,0
DA:201,0
DA:202,0
DA:203,0
DA:205,0
DA:206,0
DA:207,0
DA:208,0
DA:209,0
DA:210,0
DA:211,0
DA:212,0
DA:213,0
DA:214,0
DA:215,0
DA:216,0
DA:217,0
DA:218,0
DA:220,0
DA:221,0
DA:222,0
DA:223,0
DA:224,0
DA:225,0
DA:226,0
DA:227,0
DA:228,0
DA:229,0
DA:231,0
DA:232,0
DA:233,0
DA:234,0
DA:235,0
DA:236,0
DA:237,0
DA:238,0
DA:239,0
DA:240,0
DA:241,0
DA:242,0
DA:243,0
DA:244,0
DA:245,0
DA:246,0
DA:247,0
DA:248,0
DA:250,0
DA:251,0
DA:252,0
DA:253,0
DA:254,0
DA:255,0
DA:256,0
DA:257,0
DA:258,0
DA:259,0
DA:261,0
DA:262,0
DA:263,0
DA:264,0
DA:266,0
DA:267,0
DA:268,0
DA:269,0
DA:271,0
DA:272,0
DA:273,0
DA:274,0
DA:275,0
DA:276,0
DA:277,0
DA:279,0
LF:249
LH:0
BRF:0
BRH:0
FNF:1
FNH:0
end_of_record
SF:c:\Users\Alex\Documents\GitHub\assetgridapp\backend\Helpers\AuthorizeAttribute.cs
FN:10,System.Void assetgrid_backend.Helpers.AuthorizeAttribute::OnAuthorization(Microsoft.AspNetCore.Mvc.Filters.AuthorizationFilterContext)
FNDA:0,System.Void assetgrid_backend.Helpers.AuthorizeAttribute::OnAuthorization(Microsoft.AspNetCore.Mvc.Filters.AuthorizationFilterContext)
DA:11,0
DA:12,0
DA:13,0
DA:14,0
DA:16,0
DA:17,0
DA:18,0
BRDA:13,34,0,0
BRDA:13,34,1,0
LF:7
LH:0
BRF:2
BRH:0
FNF:1
FNH:0
end_of_record
SF:c:\Users\Alex\Documents\GitHub\assetgridapp\backend\Helpers\JwtMiddleware.cs
FN:31,System.Void assetgrid_backend.Helpers.JwtMiddleware::attachUserToContext(Microsoft.AspNetCore.Http.HttpContext,assetgrid_backend.Services.IUserService,System.String)
FNDA:0,System.Void assetgrid_backend.Helpers.JwtMiddleware::attachUserToContext(Microsoft.AspNetCore.Http.HttpContext,assetgrid_backend.Services.IUserService,System.String)
DA:32,0
DA:34,0
DA:35,0
DA:36,0
DA:37,0
DA:38,0
DA:39,0
DA:40,0
DA:41,0
DA:42,0
DA:43,0
DA:44,0
DA:45,0
DA:47,0
DA:48,0
DA:51,0
DA:52,0
DA:53,0
DA:54,0
DA:57,0
DA:58,0
FN:14,System.Void assetgrid_backend.Helpers.JwtMiddleware::.ctor(Microsoft.AspNetCore.Http.RequestDelegate,assetgrid_backend.JwtSecret)
FNDA:0,System.Void assetgrid_backend.Helpers.JwtMiddleware::.ctor(Microsoft.AspNetCore.Http.RequestDelegate,assetgrid_backend.JwtSecret)
DA:15,0
DA:16,0
DA:17,0
DA:18,0
DA:19,0
FN:21,System.Void assetgrid_backend.Helpers.JwtMiddleware/<Invoke>d__3::MoveNext()
FNDA:0,System.Void assetgrid_backend.Helpers.JwtMiddleware/<Invoke>d__3::MoveNext()
DA:22,0
DA:23,0
DA:25,0
DA:26,0
DA:28,0
DA:29,0
BRDA:23,56,0,0
BRDA:23,56,1,0
BRDA:25,94,0,0
BRDA:25,94,1,0
LF:32
LH:0
BRF:4
BRH:0
FNF:3
FNH:0
end_of_record
SF:c:\Users\Alex\Documents\GitHub\assetgridapp\backend\Data\AssetgridDbContext.cs
FN:12,System.Void assetgrid_backend.Data.AssetgridDbContext::OnModelCreating(Microsoft.EntityFrameworkCore.ModelBuilder)
FNDA:0,System.Void assetgrid_backend.Data.AssetgridDbContext::OnModelCreating(Microsoft.EntityFrameworkCore.ModelBuilder)
DA:13,0
DA:14,0
DA:16,0
DA:17,0
DA:18,0
DA:19,0
DA:20,0
DA:21,0
DA:22,0
DA:23,0
DA:25,0
DA:26,0
DA:27,0
DA:28,0
DA:29,0
DA:31,0
DA:32,0
DA:33,0
DA:34,0
DA:35,0
DA:36,0
FN:37,Microsoft.EntityFrameworkCore.DbSet`1<assetgrid_backend.Models.User> assetgrid_backend.Data.AssetgridDbContext::get_Users()
FNDA:0,Microsoft.EntityFrameworkCore.DbSet`1<assetgrid_backend.Models.User> assetgrid_backend.Data.AssetgridDbContext::get_Users()
DA:38,0
FN:38,Microsoft.EntityFrameworkCore.DbSet`1<assetgrid_backend.Models.Account> assetgrid_backend.Data.AssetgridDbContext::get_Accounts()
FNDA:0,Microsoft.EntityFrameworkCore.DbSet`1<assetgrid_backend.Models.Account> assetgrid_backend.Data.AssetgridDbContext::get_Accounts()
DA:39,0
FN:39,Microsoft.EntityFrameworkCore.DbSet`1<assetgrid_backend.Models.UserAccount> assetgrid_backend.Data.AssetgridDbContext::get_UserAccounts()
FNDA:0,Microsoft.EntityFrameworkCore.DbSet`1<assetgrid_backend.Models.UserAccount> assetgrid_backend.Data.AssetgridDbContext::get_UserAccounts()
DA:40,0
FN:40,Microsoft.EntityFrameworkCore.DbSet`1<assetgrid_backend.Models.Transaction> assetgrid_backend.Data.AssetgridDbContext::get_Transactions()
FNDA:0,Microsoft.EntityFrameworkCore.DbSet`1<assetgrid_backend.Models.Transaction> assetgrid_backend.Data.AssetgridDbContext::get_Transactions()
DA:41,0
FN:41,Microsoft.EntityFrameworkCore.DbSet`1<assetgrid_backend.Models.TransactionLine> assetgrid_backend.Data.AssetgridDbContext::get_TransactionLines()
FNDA:0,Microsoft.EntityFrameworkCore.DbSet`1<assetgrid_backend.Models.TransactionLine> assetgrid_backend.Data.AssetgridDbContext::get_TransactionLines()
DA:42,0
FN:42,Microsoft.EntityFrameworkCore.DbSet`1<assetgrid_backend.Models.UserPreferences> assetgrid_backend.Data.AssetgridDbContext::get_UserPreferences()
FNDA:0,Microsoft.EntityFrameworkCore.DbSet`1<assetgrid_backend.Models.UserPreferences> assetgrid_backend.Data.AssetgridDbContext::get_UserPreferences()
DA:43,0
FN:7,System.Void assetgrid_backend.Data.AssetgridDbContext::.ctor(Microsoft.EntityFrameworkCore.DbContextOptions`1<assetgrid_backend.Data.AssetgridDbContext>)
FNDA:0,System.Void assetgrid_backend.Data.AssetgridDbContext::.ctor(Microsoft.EntityFrameworkCore.DbContextOptions`1<assetgrid_backend.Data.AssetgridDbContext>)
DA:8,0
DA:9,0
DA:10,0
LF:30
LH:0
BRF:0
BRH:0
FNF:8
FNH:0
end_of_record
SF:c:\Users\Alex\Documents\GitHub\assetgridapp\backend\Data\DataExtensionMethods.cs
FN:10,System.Linq.IQueryable`1<assetgrid_backend.Models.UserAccount> assetgrid_backend.Data.DataExtensionMethods::ApplySearch(System.Linq.IQueryable`1<assetgrid_backend.Models.UserAccount>,assetgrid_backend.Models.ViewModels.ViewSearch,System.Boolean)
FNDA:0,System.Linq.IQueryable`1<assetgrid_backend.Models.UserAccount> assetgrid_backend.Data.DataExtensionMethods::ApplySearch(System.Linq.IQueryable`1<assetgrid_backend.Models.UserAccount>,assetgrid_backend.Models.ViewModels.ViewSearch,System.Boolean)
DA:11,0
DA:12,0
DA:13,0
DA:14,0
DA:15,0
DA:16,0
DA:17,0
DA:18,0
DA:19,0
DA:21,0
DA:22,0
DA:23,0
DA:24,0
DA:25,0
DA:26,0
DA:28,0
DA:30,0
DA:31,0
DA:33,0
DA:34,0
DA:35,0
DA:36,0
DA:37,0
DA:38,0
DA:39,0
DA:40,0
DA:42,0
DA:43,0
BRDA:21,164,0,0
BRDA:24,191,0,0
BRDA:24,191,1,0
BRDA:21,164,1,0
BRDA:30,226,0,0
BRDA:30,226,1,0
BRDA:30,244,0,0
BRDA:35,311,0,0
BRDA:35,311,1,0
BRDA:30,244,1,0
FN:45,System.Linq.IQueryable`1<assetgrid_backend.Models.Transaction> assetgrid_backend.Data.DataExtensionMethods::ApplySearch(System.Linq.IQueryable`1<assetgrid_backend.Models.Transaction>,assetgrid_backend.Models.ViewModels.ViewSearch,System.Boolean)
FNDA:0,System.Linq.IQueryable`1<assetgrid_backend.Models.Transaction> assetgrid_backend.Data.DataExtensionMethods::ApplySearch(System.Linq.IQueryable`1<assetgrid_backend.Models.Transaction>,assetgrid_backend.Models.ViewModels.ViewSearch,System.Boolean)
DA:46,0
DA:47,0
DA:48,0
DA:49,0
DA:50,0
DA:51,0
DA:52,0
DA:53,0
DA:54,0
DA:55,0
DA:56,0
DA:57,0
DA:59,0
DA:60,0
DA:61,0
DA:62,0
DA:63,0
DA:64,0
DA:65,0
DA:66,0
DA:68,0
DA:69,0
DA:71,0
DA:72,0
DA:73,0
DA:74,0
DA:75,0
DA:76,0
DA:77,0
DA:78,0
DA:79,0
DA:80,0
DA:81,0
DA:82,0
DA:83,0
DA:84,0
DA:85,0
DA:86,0
DA:87,0
DA:89,0
DA:90,0
BRDA:59,264,0,0
BRDA:62,289,0,0
BRDA:62,289,1,0
BRDA:59,264,1,0
BRDA:68,319,0,0
BRDA:68,319,1,0
BRDA:68,337,0,0
BRDA:73,404,0,0
BRDA:73,404,1,0
BRDA:75,455,0,0
BRDA:75,455,1,0
BRDA:79,489,0,0
BRDA:79,489,1,0
BRDA:79,514,0,0
BRDA:79,514,1,0
BRDA:68,337,1,0
FN:95,System.Linq.IQueryable`1<assetgrid_backend.Models.Transaction> assetgrid_backend.Data.DataExtensionMethods::ApplySearch(System.Linq.IQueryable`1<assetgrid_backend.Models.Transaction>,assetgrid_backend.Models.ViewModels.ViewSearchGroup)
FNDA:0,System.Linq.IQueryable`1<assetgrid_backend.Models.Transaction> assetgrid_backend.Data.DataExtensionMethods::ApplySearch(System.Linq.IQueryable`1<assetgrid_backend.Models.Transaction>,assetgrid_backend.Models.ViewModels.ViewSearchGroup)
DA:96,0
DA:97,0
DA:99,0
DA:100,0
DA:101,0
DA:102,0
DA:103,0
DA:104,0
DA:105,0
DA:106,0
DA:107,0
BRDA:97,7,0,0
BRDA:97,7,1,0
FN:109,System.Linq.Expressions.Expression assetgrid_backend.Data.DataExtensionMethods::SearchGroupToExpression(assetgrid_backend.Models.ViewModels.ViewSearchGroup,System.ValueTuple`3<System.String,System.Type,System.Boolean>[],System.Linq.Expressions.Expression)
FNDA:0,System.Linq.Expressions.Expression assetgrid_backend.Data.DataExtensionMethods::SearchGroupToExpression(assetgrid_backend.Models.ViewModels.ViewSearchGroup,System.ValueTuple`3<System.String,System.Type,System.Boolean>[],System.Linq.Expressions.Expression)
DA:110,0
DA:111,0
DA:112,0
DA:115,0
DA:116,0
DA:117,0
DA:119,0
DA:120,0
DA:121,0
DA:124,0
DA:125,0
DA:126,0
DA:127,0
DA:128,0
DA:129,0
DA:130,0
DA:132,0
DA:135,0
DA:136,0
DA:137,0
DA:139,0
DA:140,0
DA:141,0
DA:145,0
DA:146,0
DA:147,0
DA:148,0
DA:150,0
DA:151,0
DA:152,0
DA:153,0
DA:156,0
DA:157,0
DA:158,0
DA:161,0
DA:162,0
DA:163,0
DA:164,0
DA:165,0
DA:168,0
DA:169,0
DA:170,0
DA:171,0
DA:172,0
DA:173,0
DA:174,0
DA:175,0
DA:177,0
DA:178,0
DA:179,0
DA:182,0
DA:183,0
DA:187,0
DA:188,0
DA:189,0
DA:192,0
DA:193,0
DA:194,0
DA:195,0
DA:196,0
DA:197,0
DA:198,0
DA:199,0
DA:200,0
DA:201,0
DA:202,0
DA:203,0
DA:204,0
DA:205,0
DA:206,0
DA:207,0
DA:210,0
DA:211,0
DA:214,0
DA:215,0
DA:216,0
DA:219,0
DA:220,0
DA:221,0
DA:223,0
DA:224,0
DA:226,0
DA:227,0
DA:228,0
DA:231,0
DA:232,0
DA:233,0
DA:235,0
DA:236,0
DA:238,0
DA:241,0
DA:242,0
DA:243,0
DA:246,0
DA:247,0
DA:251,0
DA:252,0
DA:253,0
DA:255,0
DA:256,0
DA:257,0
DA:258,0
DA:259,0
DA:260,0
DA:262,0
DA:263,0
DA:264,0
DA:265,0
DA:266,0
DA:267,0
DA:268,0
DA:269,0
DA:270,0
DA:273,0
DA:274,0
DA:275,0
DA:277,0
DA:278,0
DA:279,0
DA:280,0
DA:281,0
DA:282,0
DA:284,0
DA:285,0
DA:286,0
DA:287,0
DA:288,0
DA:289,0
DA:290,0
DA:291,0
DA:292,0
DA:295,0
DA:297,0
BRDA:112,35,3,0
BRDA:115,75,0,0
BRDA:115,75,1,0
BRDA:119,114,0,0
BRDA:119,114,1,0
BRDA:125,189,0,0
BRDA:125,189,1,0
BRDA:127,271,0,0
BRDA:127,271,1,0
BRDA:132,313,1,0
BRDA:135,344,0,0
BRDA:135,344,1,0
BRDA:135,362,0,0
BRDA:135,362,1,0
BRDA:139,466,0,0
BRDA:139,466,1,0
BRDA:139,492,0,0
BRDA:139,492,1,0
BRDA:145,625,0,0
BRDA:145,634,0,0
BRDA:145,634,1,0
BRDA:145,625,1,0
BRDA:145,659,0,0
BRDA:145,659,1,0
BRDA:132,313,2,0
BRDA:156,724,0,0
BRDA:156,724,1,0
BRDA:161,852,0,0
BRDA:163,873,0,0
BRDA:163,873,1,0
BRDA:174,972,0,0
BRDA:174,972,1,0
BRDA:174,997,0,0
BRDA:161,852,1,0
BRDA:132,313,3,0
BRDA:187,1131,0,0
BRDA:187,1131,1,0
BRDA:192,1245,0,0
BRDA:192,1245,1,0
BRDA:192,1276,0,0
BRDA:192,1276,1,0
BRDA:132,313,4,0
BRDA:214,1470,0,0
BRDA:214,1470,1,0
BRDA:219,1594,0,0
BRDA:219,1594,1,0
BRDA:132,313,5,0
BRDA:226,1738,0,0
BRDA:226,1738,1,0
BRDA:231,1862,0,0
BRDA:231,1862,1,0
BRDA:132,313,0,0
BRDA:174,997,1,0
BRDA:241,2088,0,0
BRDA:241,2088,1,0
BRDA:112,35,2,0
BRDA:251,2131,0,0
BRDA:251,2131,1,0
BRDA:255,2243,1,0
BRDA:257,2184,0,0
BRDA:257,2184,1,0
BRDA:264,2221,0,0
BRDA:264,2221,1,0
BRDA:255,2243,0,0
BRDA:112,35,1,0
BRDA:273,2288,0,0
BRDA:273,2288,1,0
BRDA:277,2400,1,0
BRDA:279,2341,0,0
BRDA:279,2341,1,0
BRDA:286,2378,0,0
BRDA:286,2378,1,0
BRDA:277,2400,0,0
BRDA:112,35,0,0
BRDA:196,16,0,0
BRDA:196,27,0,0
BRDA:196,16,1,0
BRDA:196,27,1,0
FN:299,System.Object assetgrid_backend.Data.DataExtensionMethods::CastJsonElement(System.Text.Json.JsonElement,System.Type)
FNDA:0,System.Object assetgrid_backend.Data.DataExtensionMethods::CastJsonElement(System.Text.Json.JsonElement,System.Type)
DA:300,0
DA:301,0
DA:302,0
DA:303,0
DA:304,0
DA:305,0
DA:308,0
DA:310,0
DA:311,0
DA:312,0
DA:313,0
DA:314,0
DA:316,0
DA:317,0
DA:318,0
DA:321,0
DA:322,0
DA:325,0
DA:326,0
DA:327,0
DA:328,0
DA:329,0
DA:331,0
DA:332,0
DA:333,0
DA:335,0
DA:336,0
DA:337,0
DA:339,0
DA:340,0
DA:341,0
DA:343,0
DA:345,0
DA:346,0
BRDA:301,13,0,0
BRDA:303,34,0,0
BRDA:303,34,1,0
BRDA:301,13,1,0
BRDA:310,80,0,0
BRDA:312,103,0,0
BRDA:312,103,1,0
BRDA:316,144,0,0
BRDA:316,144,1,0
BRDA:310,80,1,0
BRDA:325,198,0,0
BRDA:327,224,0,0
BRDA:327,224,1,0
BRDA:331,306,0,0
BRDA:331,306,1,0
BRDA:335,388,0,0
BRDA:335,388,1,0
BRDA:339,470,0,0
BRDA:339,470,1,0
BRDA:325,198,1,0
LF:247
LH:0
BRF:126
BRH:0
FNF:5
FNH:0
end_of_record
SF:c:\Users\Alex\Documents\GitHub\assetgridapp\backend\Controllers\AccountController.cs
FN:33,assetgrid_backend.Models.ViewModels.ViewAccount assetgrid_backend.Controllers.AccountController::Create(assetgrid_backend.Models.ViewModels.ViewCreateAccount)
FNDA:0,assetgrid_backend.Models.ViewModels.ViewAccount assetgrid_backend.Controllers.AccountController::Create(assetgrid_backend.Models.ViewModels.ViewCreateAccount)
DA:34,0
DA:35,0
DA:36,0
DA:37,0
DA:38,0
DA:39,0
DA:40,0
DA:41,0
DA:42,0
DA:43,0
DA:44,0
DA:45,0
DA:46,0
DA:47,0
DA:49,0
DA:50,0
DA:51,0
DA:52,0
DA:53,0
DA:54,0
DA:55,0
DA:56,0
DA:57,0
DA:58,0
DA:60,0
DA:62,0
DA:63,0
DA:64,0
DA:65,0
DA:66,0
DA:67,0
DA:68,0
DA:69,0
DA:70,0
DA:71,0
DA:74,0
DA:75,0
BRDA:36,32,0,0
BRDA:36,32,1,0
FN:79,assetgrid_backend.Models.ViewModels.ViewAccount assetgrid_backend.Controllers.AccountController::Get(System.Int32)
FNDA:0,assetgrid_backend.Models.ViewModels.ViewAccount assetgrid_backend.Controllers.AccountController::Get(System.Int32)
DA:80,0
DA:81,0
DA:82,0
DA:83,0
DA:84,0
DA:85,0
DA:87,0
DA:89,0
DA:90,0
DA:91,0
DA:92,0
DA:94,0
DA:96,0
DA:97,0
BRDA:87,247,0,0
BRDA:87,247,1,0
FN:101,assetgrid_backend.Models.ViewModels.ViewAccount assetgrid_backend.Controllers.AccountController::Update(System.Int32,assetgrid_backend.Models.ViewModels.ViewAccount)
FNDA:0,assetgrid_backend.Models.ViewModels.ViewAccount assetgrid_backend.Controllers.AccountController::Update(System.Int32,assetgrid_backend.Models.ViewModels.ViewAccount)
DA:102,0
DA:103,0
DA:104,0
DA:105,0
DA:106,0
DA:108,0
DA:109,0
DA:110,0
DA:113,0
DA:114,0
DA:115,0
DA:116,0
DA:117,0
DA:119,0
DA:121,0
DA:122,0
DA:123,0
DA:124,0
DA:125,0
DA:126,0
DA:127,0
DA:128,0
DA:129,0
DA:130,0
DA:131,0
BRDA:108,364,0,0
BRDA:108,364,1,0
FN:135,System.Void assetgrid_backend.Controllers.AccountController::Delete(System.Int32)
FNDA:0,System.Void assetgrid_backend.Controllers.AccountController::Delete(System.Int32)
DA:136,0
DA:137,0
DA:138,0
DA:139,0
DA:140,0
DA:141,0
DA:142,0
DA:143,0
DA:145,0
DA:146,0
DA:147,0
DA:150,0
DA:151,0
DA:153,0
DA:154,0
DA:155,0
DA:156,0
DA:157,0
DA:158,0
DA:159,0
DA:161,0
DA:163,0
DA:164,0
DA:166,0
DA:168,0
DA:169,0
DA:170,0
DA:171,0
DA:173,0
DA:175,0
DA:178,0
BRDA:145,389,0,0
BRDA:145,389,1,0
BRDA:150,433,0,0
BRDA:150,433,1,0
FN:182,assetgrid_backend.Models.ViewModels.ViewSearchResponse`1<assetgrid_backend.Models.ViewModels.ViewAccount> assetgrid_backend.Controllers.AccountController::Search(assetgrid_backend.Models.ViewModels.ViewSearch)
FNDA:0,assetgrid_backend.Models.ViewModels.ViewSearchResponse`1<assetgrid_backend.Models.ViewModels.ViewAccount> assetgrid_backend.Controllers.AccountController::Search(assetgrid_backend.Models.ViewModels.ViewSearch)
DA:183,0
DA:184,0
DA:185,0
DA:186,0
DA:187,0
DA:188,0
DA:189,0
DA:190,0
DA:191,0
DA:193,0
DA:194,0
DA:195,0
DA:196,0
DA:197,0
DA:198,0
DA:199,0
DA:200,0
FN:204,assetgrid_backend.Models.ViewModels.ViewTransactionList assetgrid_backend.Controllers.AccountController::Transactions(System.Int32,assetgrid_backend.Models.ViewModels.ViewTransactionListRequest)
FNDA:0,assetgrid_backend.Models.ViewModels.ViewTransactionList assetgrid_backend.Controllers.AccountController::Transactions(System.Int32,assetgrid_backend.Models.ViewModels.ViewTransactionListRequest)
DA:205,0
DA:206,0
DA:207,0
DA:208,0
DA:209,0
DA:212,0
DA:213,0
DA:215,0
DA:216,0
DA:217,0
DA:218,0
DA:220,0
DA:221,0
DA:222,0
DA:223,0
DA:224,0
DA:226,0
DA:227,0
DA:228,0
DA:229,0
DA:231,0
DA:232,0
DA:233,0
DA:234,0
DA:235,0
DA:236,0
DA:237,0
DA:238,0
DA:239,0
DA:240,0
DA:241,0
DA:242,0
DA:244,0
DA:245,0
DA:246,0
DA:247,0
DA:248,0
DA:249,0
DA:250,0
BRDA:207,239,0,0
BRDA:207,239,1,0
BRDA:215,472,0,0
BRDA:215,472,1,0
BRDA:220,499,0,0
BRDA:220,499,1,0
BRDA:239,919,0,0
BRDA:239,919,1,0
FN:258,System.Int32 assetgrid_backend.Controllers.AccountController::CountTransactions(System.Int32,assetgrid_backend.Models.ViewModels.ViewSearchGroup)
FNDA:0,System.Int32 assetgrid_backend.Controllers.AccountController::CountTransactions(System.Int32,assetgrid_backend.Models.ViewModels.ViewSearchGroup)
DA:259,0
DA:260,0
DA:261,0
DA:262,0
DA:263,0
DA:266,0
DA:267,0
DA:269,0
DA:270,0
DA:271,0
DA:272,0
DA:274,0
DA:275,0
BRDA:261,233,0,0
BRDA:261,233,1,0
BRDA:269,457,0,0
BRDA:269,457,1,0
FN:305,assetgrid_backend.Models.ViewModels.ViewGetMovementResponse assetgrid_backend.Controllers.AccountController::GetMovement(System.Int32,assetgrid_backend.Models.ViewModels.ViewGetMovementRequest)
FNDA:0,assetgrid_backend.Models.ViewModels.ViewGetMovementResponse assetgrid_backend.Controllers.AccountController::GetMovement(System.Int32,assetgrid_backend.Models.ViewModels.ViewGetMovementRequest)
DA:306,0
DA:307,0
DA:308,0
DA:309,0
DA:310,0
DA:313,0
DA:314,0
DA:315,0
DA:316,0
DA:317,0
DA:319,0
DA:320,0
DA:321,0
DA:322,0
DA:323,0
DA:324,0
DA:325,0
DA:326,0
DA:327,0
DA:328,0
DA:330,0
DA:332,0
DA:333,0
DA:334,0
DA:335,0
DA:336,0
DA:337,0
DA:338,0
DA:339,0
DA:340,0
DA:341,0
DA:343,0
DA:344,0
DA:345,0
DA:346,0
DA:347,0
DA:348,0
DA:349,0
DA:350,0
DA:351,0
DA:352,0
DA:353,0
DA:354,0
DA:355,0
DA:356,0
DA:357,0
BRDA:308,246,0,0
BRDA:308,246,1,0
BRDA:313,280,0,0
BRDA:313,280,1,0
BRDA:334,2147,1,0
BRDA:336,2125,0,0
BRDA:336,2125,1,0
BRDA:334,2147,0,0
BRDA:338,2231,1,0
BRDA:340,2209,0,0
BRDA:340,2209,1,0
BRDA:338,2231,0,0
FN:366,assetgrid_backend.Models.ViewModels.ViewGetMovementAllResponse assetgrid_backend.Controllers.AccountController::GetMovementAll(assetgrid_backend.Models.ViewModels.ViewGetMovementRequest)
FNDA:0,assetgrid_backend.Models.ViewModels.ViewGetMovementAllResponse assetgrid_backend.Controllers.AccountController::GetMovementAll(assetgrid_backend.Models.ViewModels.ViewGetMovementRequest)
DA:367,0
DA:368,0
DA:369,0
DA:370,0
DA:371,0
DA:372,0
DA:373,0
DA:374,0
DA:376,0
DA:377,0
DA:378,0
DA:381,0
DA:382,0
DA:383,0
DA:384,0
DA:385,0
DA:386,0
DA:387,0
DA:388,0
DA:391,0
DA:392,0
DA:393,0
DA:394,0
DA:395,0
DA:396,0
DA:397,0
DA:398,0
DA:401,0
DA:402,0
DA:403,0
DA:405,0
DA:406,0
DA:407,0
DA:408,0
DA:409,0
DA:410,0
DA:411,0
DA:412,0
DA:413,0
DA:414,0
DA:415,0
DA:416,0
DA:418,0
DA:419,0
DA:420,0
DA:421,0
DA:422,0
DA:424,0
DA:425,0
DA:426,0
DA:427,0
DA:428,0
DA:429,0
DA:430,0
DA:431,0
DA:432,0
DA:433,0
DA:434,0
DA:435,0
DA:436,0
DA:437,0
DA:438,0
DA:440,0
DA:441,0
DA:442,0
DA:443,0
DA:444,0
DA:445,0
BRDA:405,3176,1,0
BRDA:409,2255,1,0
BRDA:411,2233,0,0
BRDA:411,2233,1,0
BRDA:409,2255,0,0
BRDA:413,2339,1,0
BRDA:415,2317,0,0
BRDA:415,2317,1,0
BRDA:413,2339,0,0
BRDA:418,2378,0,0
BRDA:418,2378,1,0
BRDA:405,3176,0,0
FN:447,System.Linq.IQueryable`1<assetgrid_backend.Controllers.AccountController/AccountMovementGroup> assetgrid_backend.Controllers.AccountController::ApplyIntervalGrouping(System.Nullable`1<System.DateTime>,assetgrid_backend.Models.ViewModels.AccountMovementResolution,System.Linq.IQueryable`1<assetgrid_backend.Controllers.AccountController/MovementItem>)
FNDA:0,System.Linq.IQueryable`1<assetgrid_backend.Controllers.AccountController/AccountMovementGroup> assetgrid_backend.Controllers.AccountController::ApplyIntervalGrouping(System.Nullable`1<System.DateTime>,assetgrid_backend.Models.ViewModels.AccountMovementResolution,System.Linq.IQueryable`1<assetgrid_backend.Controllers.AccountController/MovementItem>)
DA:448,0
DA:452,0
DA:453,0
DA:454,0
DA:455,0
DA:456,0
DA:457,0
DA:458,0
DA:459,0
DA:460,0
DA:461,0
DA:462,0
DA:463,0
DA:465,0
DA:466,0
DA:467,0
DA:468,0
DA:469,0
DA:470,0
DA:471,0
DA:472,0
DA:473,0
DA:474,0
DA:475,0
DA:476,0
DA:477,0
DA:478,0
DA:479,0
DA:480,0
DA:481,0
DA:482,0
DA:483,0
DA:485,0
DA:486,0
DA:487,0
DA:488,0
DA:489,0
DA:490,0
DA:491,0
DA:492,0
DA:493,0
DA:494,0
DA:495,0
DA:496,0
DA:498,0
DA:499,0
DA:500,0
DA:501,0
DA:502,0
DA:503,0
DA:504,0
DA:505,0
DA:506,0
DA:507,0
DA:508,0
DA:509,0
DA:512,0
DA:514,0
BRDA:448,12,1,0
BRDA:448,12,2,0
BRDA:465,1166,0,0
BRDA:465,1166,1,0
BRDA:448,12,3,0
BRDA:448,12,4,0
BRDA:448,12,0,0
FN:518,System.Collections.Generic.List`1<assetgrid_backend.Models.ViewModels.ViewCategorySummary> assetgrid_backend.Controllers.AccountController::CategorySummary(System.Int32,assetgrid_backend.Models.ViewModels.ViewSearchGroup)
FNDA:0,System.Collections.Generic.List`1<assetgrid_backend.Models.ViewModels.ViewCategorySummary> assetgrid_backend.Controllers.AccountController::CategorySummary(System.Int32,assetgrid_backend.Models.ViewModels.ViewSearchGroup)
DA:519,0
DA:520,0
DA:521,0
DA:522,0
DA:523,0
DA:526,0
DA:527,0
DA:528,0
DA:529,0
DA:530,0
DA:531,0
DA:532,0
DA:533,0
DA:534,0
DA:535,0
DA:536,0
DA:537,0
BRDA:521,233,0,0
BRDA:521,233,1,0
FN:20,System.Void assetgrid_backend.Controllers.AccountController::.ctor(assetgrid_backend.Data.AssetgridDbContext,assetgrid_backend.Services.IUserService)
FNDA:0,System.Void assetgrid_backend.Controllers.AccountController::.ctor(assetgrid_backend.Data.AssetgridDbContext,assetgrid_backend.Services.IUserService)
DA:21,0
DA:22,0
DA:23,0
DA:24,0
DA:25,0
FN:283,System.Int32 assetgrid_backend.Controllers.AccountController/AccountMovementGroup::get_AccountId()
FNDA:0,System.Int32 assetgrid_backend.Controllers.AccountController/AccountMovementGroup::get_AccountId()
DA:284,0
FN:284,System.DateTime assetgrid_backend.Controllers.AccountController/AccountMovementGroup::get_TimePoint()
FNDA:0,System.DateTime assetgrid_backend.Controllers.AccountController/AccountMovementGroup::get_TimePoint()
DA:285,0
FN:285,System.String assetgrid_backend.Controllers.AccountController/AccountMovementGroup::get_Type()
FNDA:0,System.String assetgrid_backend.Controllers.AccountController/AccountMovementGroup::get_Type()
DA:286,0
FN:286,System.Int64 assetgrid_backend.Controllers.AccountController/AccountMovementGroup::get_Total()
FNDA:0,System.Int64 assetgrid_backend.Controllers.AccountController/AccountMovementGroup::get_Total()
DA:287,0
FN:291,System.Int32 assetgrid_backend.Controllers.AccountController/MovementItem::get_AccountId()
FNDA:0,System.Int32 assetgrid_backend.Controllers.AccountController/MovementItem::get_AccountId()
DA:292,0
FN:292,System.String assetgrid_backend.Controllers.AccountController/MovementItem::get_Type()
FNDA:0,System.String assetgrid_backend.Controllers.AccountController/MovementItem::get_Type()
DA:293,0
FN:293,assetgrid_backend.Models.Transaction assetgrid_backend.Controllers.AccountController/MovementItem::get_Transaction()
FNDA:0,assetgrid_backend.Models.Transaction assetgrid_backend.Controllers.AccountController/MovementItem::get_Transaction()
DA:294,0
LF:377
LH:0
BRF:55
BRH:0
FNF:19
FNH:0
end_of_record
SF:c:\Users\Alex\Documents\GitHub\assetgridapp\backend\Controllers\TaxonomyController.cs
FN:25,System.String[] assetgrid_backend.Controllers.TaxonomyController::CategoryAutocomplete(System.String)
FNDA:0,System.String[] assetgrid_backend.Controllers.TaxonomyController::CategoryAutocomplete(System.String)
DA:26,0
DA:27,0
DA:28,0
DA:29,0
DA:30,0
DA:31,0
DA:32,0
DA:33,0
DA:34,0
DA:35,0
FN:16,System.Void assetgrid_backend.Controllers.TaxonomyController::.ctor(assetgrid_backend.Data.AssetgridDbContext,assetgrid_backend.Services.IUserService)
FNDA:0,System.Void assetgrid_backend.Controllers.TaxonomyController::.ctor(assetgrid_backend.Data.AssetgridDbContext,assetgrid_backend.Services.IUserService)
DA:17,0
DA:18,0
DA:19,0
DA:20,0
DA:21,0
LF:15
LH:0
BRF:0
BRH:0
FNF:2
FNH:0
end_of_record
SF:c:\Users\Alex\Documents\GitHub\assetgridapp\backend\Controllers\TransactionController.cs
FN:29,Microsoft.AspNetCore.Mvc.IActionResult assetgrid_backend.Controllers.TransactionController::Get(System.Int32)
FNDA:0,Microsoft.AspNetCore.Mvc.IActionResult assetgrid_backend.Controllers.TransactionController::Get(System.Int32)
DA:30,0
DA:31,0
DA:32,0
DA:33,0
DA:34,0
DA:35,0
DA:36,0
DA:38,0
DA:40,0
DA:41,0
BRDA:38,555,0,0
BRDA:38,555,1,0
FN:44,assetgrid_backend.Models.ViewModels.ViewTransaction assetgrid_backend.Controllers.TransactionController::Create(assetgrid_backend.Models.ViewModels.ViewCreateTransaction)
FNDA:0,assetgrid_backend.Models.ViewModels.ViewTransaction assetgrid_backend.Controllers.TransactionController::Create(assetgrid_backend.Models.ViewModels.ViewCreateTransaction)
DA:45,0
DA:46,0
DA:47,0
DA:48,0
DA:49,0
DA:50,0
DA:52,0
DA:53,0
DA:54,0
DA:55,0
DA:56,0
DA:57,0
DA:58,0
DA:59,0
DA:60,0
DA:61,0
DA:63,0
DA:65,0
DA:66,0
DA:68,0
DA:69,0
DA:70,0
DA:71,0
DA:72,0
DA:73,0
DA:74,0
DA:75,0
DA:76,0
DA:77,0
DA:78,0
DA:82,0
DA:83,0
DA:84,0
DA:85,0
DA:86,0
DA:87,0
DA:88,0
DA:89,0
DA:90,0
DA:91,0
DA:92,0
DA:93,0
DA:94,0
DA:95,0
DA:96,0
DA:97,0
DA:100,0
DA:101,0
DA:102,0
DA:105,0
DA:106,0
DA:107,0
DA:110,0
DA:111,0
DA:112,0
DA:114,0
DA:115,0
DA:117,0
DA:118,0
DA:119,0
DA:120,0
DA:121,0
DA:122,0
DA:123,0
DA:124,0
DA:125,0
DA:126,0
DA:127,0
DA:128,0
DA:129,0
DA:130,0
DA:131,0
DA:132,0
DA:133,0
DA:134,0
DA:135,0
DA:136,0
DA:137,0
DA:138,0
DA:139,0
DA:140,0
DA:141,0
DA:142,0
DA:143,0
DA:144,0
DA:145,0
DA:146,0
DA:147,0
DA:148,0
DA:149,0
DA:150,0
DA:151,0
DA:152,0
DA:153,0
DA:156,0
DA:157,0
BRDA:47,55,0,0
BRDA:47,55,1,0
BRDA:52,85,0,0
BRDA:54,107,0,0
BRDA:59,708,0,0
BRDA:59,708,1,0
BRDA:54,107,1,0
BRDA:69,778,0,0
BRDA:69,778,1,0
BRDA:72,1043,0,0
BRDA:72,1043,1,0
BRDA:75,1308,0,0
BRDA:75,1312,0,0
BRDA:75,1308,1,0
BRDA:75,1328,0,0
BRDA:75,1350,0,0
BRDA:75,1354,0,0
BRDA:75,1354,1,0
BRDA:75,1350,1,0
BRDA:75,1312,1,0
BRDA:75,1328,1,0
BRDA:75,1386,0,0
BRDA:75,1386,1,0
BRDA:82,1490,0,0
BRDA:82,1490,1,0
BRDA:82,1528,0,0
BRDA:82,1528,1,0
BRDA:82,1614,0,0
BRDA:82,1614,1,0
BRDA:100,1716,0,0
BRDA:100,1716,1,0
BRDA:120,1962,0,0
BRDA:120,1962,1,0
BRDA:120,1969,0,0
BRDA:120,1969,1,0
BRDA:120,2085,0,0
BRDA:120,2085,1,0
BRDA:120,2092,0,0
BRDA:120,2092,1,0
BRDA:52,85,1,0
FN:163,assetgrid_backend.Models.ViewModels.ViewTransaction assetgrid_backend.Controllers.TransactionController::Update(System.Int32,assetgrid_backend.Models.ViewModels.ViewUpdateTransaction)
FNDA:0,assetgrid_backend.Models.ViewModels.ViewTransaction assetgrid_backend.Controllers.TransactionController::Update(System.Int32,assetgrid_backend.Models.ViewModels.ViewUpdateTransaction)
DA:164,0
DA:165,0
DA:166,0
DA:167,0
DA:168,0
DA:169,0
DA:170,0
DA:171,0
DA:172,0
DA:173,0
DA:174,0
DA:175,0
DA:176,0
DA:178,0
DA:179,0
DA:181,0
DA:184,0
DA:185,0
DA:186,0
DA:187,0
DA:189,0
DA:192,0
DA:193,0
DA:194,0
DA:197,0
DA:198,0
BRDA:166,50,0,0
BRDA:178,1285,0,0
BRDA:178,1285,1,0
BRDA:178,1297,0,0
BRDA:178,1297,1,0
BRDA:178,1325,0,0
BRDA:178,1335,0,0
BRDA:178,1335,1,0
BRDA:178,1347,0,0
BRDA:178,1347,1,0
BRDA:178,1325,1,0
BRDA:178,1385,0,0
BRDA:178,1385,1,0
BRDA:185,1424,0,0
BRDA:185,1424,1,0
BRDA:185,1436,0,0
BRDA:185,1436,1,0
BRDA:185,1459,0,0
BRDA:185,1469,0,0
BRDA:185,1469,1,0
BRDA:185,1481,0,0
BRDA:185,1481,1,0
BRDA:185,1459,1,0
BRDA:185,1514,0,0
BRDA:185,1514,1,0
BRDA:166,50,1,0
BRDA:185,22,0,0
BRDA:185,22,1,0
BRDA:186,22,0,0
BRDA:186,22,1,0
FN:202,System.Void assetgrid_backend.Controllers.TransactionController::UpdateMultiple(assetgrid_backend.Models.ViewModels.ViewUpdateMultipleTransactions)
FNDA:0,System.Void assetgrid_backend.Controllers.TransactionController::UpdateMultiple(assetgrid_backend.Models.ViewModels.ViewUpdateMultipleTransactions)
DA:203,0
DA:204,0
DA:205,0
DA:206,0
DA:207,0
DA:208,0
DA:210,0
DA:211,0
DA:212,0
DA:213,0
DA:215,0
DA:216,0
DA:217,0
DA:218,0
DA:219,0
DA:220,0
DA:222,0
DA:223,0
DA:224,0
DA:225,0
DA:226,0
DA:227,0
DA:228,0
DA:229,0
DA:231,0
DA:232,0
BRDA:205,43,0,0
BRDA:223,1301,1,0
BRDA:223,1301,0,0
BRDA:205,43,1,0
FN:234,assetgrid_backend.Models.ViewModels.ViewTransaction assetgrid_backend.Controllers.TransactionController::UpdateTransaction(assetgrid_backend.Models.Transaction,assetgrid_backend.Models.User,assetgrid_backend.Models.ViewModels.ViewUpdateTransaction)
FNDA:0,assetgrid_backend.Models.ViewModels.ViewTransaction assetgrid_backend.Controllers.TransactionController::UpdateTransaction(assetgrid_backend.Models.Transaction,assetgrid_backend.Models.User,assetgrid_backend.Models.ViewModels.ViewUpdateTransaction)
DA:235,0
DA:237,0
DA:238,0
DA:239,0
DA:240,0
DA:241,0
DA:242,0
DA:243,0
DA:244,0
DA:246,0
DA:247,0
DA:248,0
DA:249,0
DA:250,0
DA:251,0
DA:252,0
DA:254,0
DA:255,0
DA:256,0
DA:257,0
DA:258,0
DA:259,0
DA:260,0
DA:261,0
DA:262,0
DA:263,0
DA:264,0
DA:266,0
DA:267,0
DA:268,0
DA:269,0
DA:270,0
DA:271,0
DA:272,0
DA:274,0
DA:275,0
DA:276,0
DA:277,0
DA:280,0
DA:281,0
DA:282,0
DA:283,0
DA:284,0
DA:285,0
DA:286,0
DA:287,0
DA:288,0
DA:289,0
DA:290,0
DA:291,0
DA:292,0
DA:293,0
DA:294,0
DA:295,0
DA:296,0
DA:297,0
DA:298,0
DA:299,0
DA:300,0
DA:301,0
DA:303,0
DA:304,0
DA:305,0
DA:306,0
DA:307,0
DA:308,0
DA:309,0
DA:310,0
DA:311,0
DA:312,0
DA:313,0
DA:314,0
DA:316,0
DA:317,0
DA:318,0
DA:319,0
DA:320,0
DA:321,0
DA:322,0
DA:323,0
DA:324,0
DA:325,0
DA:326,0
DA:328,0
DA:329,0
DA:331,0
DA:332,0
DA:333,0
DA:334,0
DA:335,0
DA:336,0
DA:337,0
DA:339,0
DA:340,0
DA:341,0
DA:343,0
DA:344,0
DA:345,0
DA:348,0
DA:350,0
DA:351,0
DA:353,0
DA:354,0
DA:355,0
DA:356,0
DA:357,0
DA:358,0
DA:359,0
DA:360,0
DA:361,0
DA:362,0
DA:363,0
DA:364,0
DA:365,0
DA:366,0
DA:367,0
DA:368,0
DA:369,0
DA:370,0
DA:371,0
DA:372,0
DA:373,0
DA:374,0
DA:375,0
DA:376,0
DA:377,0
DA:378,0
DA:379,0
DA:380,0
DA:381,0
DA:382,0
DA:383,0
DA:384,0
DA:385,0
DA:386,0
DA:387,0
DA:390,0
BRDA:238,68,0,0
BRDA:238,68,1,0
BRDA:238,137,0,0
BRDA:240,182,0,0
BRDA:240,182,1,0
BRDA:250,624,0,0
BRDA:250,624,1,0
BRDA:238,137,1,0
BRDA:258,703,0,0
BRDA:258,703,1,0
BRDA:258,774,0,0
BRDA:260,819,0,0
BRDA:260,819,1,0
BRDA:270,1261,0,0
BRDA:270,1261,1,0
BRDA:258,774,1,0
BRDA:280,1344,0,0
BRDA:280,1344,1,0
BRDA:284,1398,0,0
BRDA:284,1398,1,0
BRDA:288,1440,0,0
BRDA:290,1463,0,0
BRDA:290,1463,1,0
BRDA:291,1496,0,0
BRDA:291,1496,1,0
BRDA:288,1440,1,0
BRDA:293,1532,0,0
BRDA:293,1532,1,0
BRDA:297,1579,0,0
BRDA:297,1579,1,0
BRDA:297,1607,0,0
BRDA:300,1664,0,0
BRDA:300,1664,1,0
BRDA:297,1607,1,0
BRDA:309,1761,0,0
BRDA:311,1791,0,0
BRDA:311,1791,1,0
BRDA:328,1914,0,0
BRDA:328,1914,1,0
BRDA:309,1761,1,0
BRDA:339,2061,0,0
BRDA:339,2061,1,0
BRDA:339,2093,0,0
BRDA:339,2093,1,0
BRDA:343,2170,0,0
BRDA:343,2170,1,0
BRDA:350,2208,0,0
BRDA:350,2208,1,0
BRDA:350,2220,0,0
BRDA:350,2220,1,0
BRDA:351,2256,0,0
BRDA:351,2256,1,0
BRDA:351,2268,0,0
BRDA:351,2268,1,0
BRDA:353,2417,0,0
BRDA:353,2417,1,0
BRDA:353,2423,0,0
BRDA:353,2423,1,0
BRDA:353,2560,0,0
BRDA:353,2560,1,0
BRDA:353,2566,0,0
BRDA:353,2566,1,0
FN:396,System.Void assetgrid_backend.Controllers.TransactionController::Delete(System.Int32)
FNDA:0,System.Void assetgrid_backend.Controllers.TransactionController::Delete(System.Int32)
DA:397,0
DA:398,0
DA:399,0
DA:400,0
DA:401,0
DA:402,0
DA:405,0
DA:406,0
DA:407,0
DA:408,0
DA:409,0
DA:410,0
DA:411,0
DA:414,0
DA:415,0
DA:416,0
DA:418,0
DA:421,0
BRDA:405,671,0,0
BRDA:405,671,1,0
FN:425,System.Void assetgrid_backend.Controllers.TransactionController::DeleteMultiple(assetgrid_backend.Models.ViewModels.ViewSearchGroup)
FNDA:0,System.Void assetgrid_backend.Controllers.TransactionController::DeleteMultiple(assetgrid_backend.Models.ViewModels.ViewSearchGroup)
DA:426,0
DA:427,0
DA:428,0
DA:429,0
DA:430,0
DA:431,0
DA:433,0
DA:434,0
DA:435,0
DA:436,0
DA:438,0
DA:439,0
DA:440,0
DA:441,0
DA:442,0
DA:444,0
DA:445,0
DA:446,0
DA:447,0
DA:448,0
DA:449,0
DA:451,0
DA:452,0
BRDA:428,43,0,0
BRDA:428,43,1,0
FN:456,assetgrid_backend.Models.ViewModels.ViewSearchResponse`1<assetgrid_backend.Models.ViewModels.ViewTransaction> assetgrid_backend.Controllers.TransactionController::Search(assetgrid_backend.Models.ViewModels.ViewSearch)
FNDA:0,assetgrid_backend.Models.ViewModels.ViewSearchResponse`1<assetgrid_backend.Models.ViewModels.ViewTransaction> assetgrid_backend.Controllers.TransactionController::Search(assetgrid_backend.Models.ViewModels.ViewSearch)
DA:457,0
DA:458,0
DA:459,0
DA:460,0
DA:461,0
DA:462,0
DA:463,0
DA:464,0
DA:465,0
DA:466,0
DA:468,0
DA:469,0
DA:470,0
DA:471,0
DA:472,0
DA:473,0
FN:477,System.Collections.Generic.List`1<System.String> assetgrid_backend.Controllers.TransactionController::FindDuplicates(System.Collections.Generic.List`1<System.String>)
FNDA:0,System.Collections.Generic.List`1<System.String> assetgrid_backend.Controllers.TransactionController::FindDuplicates(System.Collections.Generic.List`1<System.String>)
DA:478,0
DA:479,0
DA:480,0
DA:481,0
DA:482,0
DA:483,0
DA:484,0
DA:485,0
FN:489,assetgrid_backend.Models.ViewModels.ViewTransactionCreateManyResponse assetgrid_backend.Controllers.TransactionController::CreateMany(System.Collections.Generic.List`1<assetgrid_backend.Models.ViewModels.ViewCreateTransaction>)
FNDA:0,assetgrid_backend.Models.ViewModels.ViewTransactionCreateManyResponse assetgrid_backend.Controllers.TransactionController::CreateMany(System.Collections.Generic.List`1<assetgrid_backend.Models.ViewModels.ViewCreateTransaction>)
DA:490,0
DA:491,0
DA:493,0
DA:494,0
DA:495,0
DA:497,0
DA:498,0
DA:499,0
DA:500,0
DA:502,0
DA:503,0
DA:504,0
DA:505,0
DA:506,0
DA:507,0
DA:508,0
DA:509,0
DA:510,0
DA:512,0
DA:513,0
DA:514,0
DA:515,0
DA:517,0
DA:518,0
DA:519,0
DA:520,0
DA:522,0
DA:524,0
DA:525,0
DA:526,0
DA:527,0
DA:528,0
DA:531,0
DA:533,0
DA:534,0
DA:535,0
DA:536,0
DA:537,0
DA:538,0
DA:539,0
DA:540,0
DA:541,0
DA:542,0
DA:543,0
DA:544,0
DA:545,0
DA:546,0
DA:547,0
DA:548,0
DA:551,0
DA:552,0
DA:553,0
DA:554,0
DA:555,0
DA:556,0
DA:557,0
DA:558,0
DA:560,0
DA:561,0
DA:562,0
DA:563,0
DA:564,0
DA:565,0
DA:566,0
DA:567,0
DA:568,0
DA:569,0
DA:571,0
DA:572,0
DA:573,0
DA:574,0
DA:575,0
DA:576,0
DA:577,0
BRDA:512,1640,1,0
BRDA:514,995,0,0
BRDA:514,995,1,0
BRDA:515,1016,0,0
BRDA:515,1016,1,0
BRDA:517,1051,0,0
BRDA:517,1051,1,0
BRDA:525,1087,0,0
BRDA:525,1087,1,0
BRDA:525,1116,0,0
BRDA:525,1134,0,0
BRDA:525,1134,1,0
BRDA:525,1116,1,0
BRDA:525,1176,0,0
BRDA:525,1176,1,0
BRDA:531,1204,0,0
BRDA:531,1204,1,0
BRDA:533,1291,0,0
BRDA:533,1291,1,0
BRDA:533,1325,0,0
BRDA:533,1325,1,0
BRDA:551,1476,0,0
BRDA:551,1476,1,0
BRDA:512,1640,0,0
BRDA:503,11,0,0
BRDA:503,11,1,0
FN:18,System.Void assetgrid_backend.Controllers.TransactionController::.ctor(assetgrid_backend.Data.AssetgridDbContext,assetgrid_backend.Services.IUserService)
FNDA:0,System.Void assetgrid_backend.Controllers.TransactionController::.ctor(assetgrid_backend.Data.AssetgridDbContext,assetgrid_backend.Services.IUserService)
DA:19,0
DA:20,0
DA:21,0
DA:22,0
DA:23,0
LF:439
LH:0
BRF:168
BRH:0
FNF:11
FNH:0
end_of_record
SF:c:\Users\Alex\Documents\GitHub\assetgridapp\backend\Controllers\UserController.cs
FN:25,assetgrid_backend.Models.ViewModels.UserAuthenticatedResponse assetgrid_backend.Controllers.UserController::Authenticate(assetgrid_backend.Models.ViewModels.AuthenticateModel)
FNDA:0,assetgrid_backend.Models.ViewModels.UserAuthenticatedResponse assetgrid_backend.Controllers.UserController::Authenticate(assetgrid_backend.Models.ViewModels.AuthenticateModel)
DA:26,0
DA:27,0
DA:28,0
DA:29,0
DA:31,0
DA:32,0
BRDA:27,14,0,0
BRDA:27,14,1,0
FN:35,assetgrid_backend.Models.ViewModels.UserAuthenticatedResponse assetgrid_backend.Controllers.UserController::GetUser()
FNDA:0,assetgrid_backend.Models.ViewModels.UserAuthenticatedResponse assetgrid_backend.Controllers.UserController::GetUser()
DA:36,0
DA:37,0
DA:38,0
DA:39,0
DA:40,0
DA:43,0
DA:44,0
DA:45,0
DA:46,0
DA:47,0
DA:48,0
DA:49,0
DA:50,0
DA:51,0
DA:53,0
DA:54,0
DA:55,0
DA:58,0
DA:59,0
DA:60,0
DA:61,0
DA:62,0
DA:63,0
DA:64,0
DA:65,0
DA:66,0
DA:67,0
DA:68,0
DA:69,0
DA:70,0
DA:71,0
DA:72,0
DA:73,0
DA:74,0
BRDA:38,48,0,0
BRDA:38,48,1,0
BRDA:53,735,0,0
BRDA:53,735,1,0
FN:80,System.Void assetgrid_backend.Controllers.UserController::CreateInitial(assetgrid_backend.Models.ViewModels.AuthenticateModel)
FNDA:0,System.Void assetgrid_backend.Controllers.UserController::CreateInitial(assetgrid_backend.Models.ViewModels.AuthenticateModel)
DA:81,0
DA:82,0
DA:83,0
DA:84,0
DA:85,0
DA:87,0
DA:88,0
DA:90,0
BRDA:82,22,0,0
BRDA:82,22,1,0
FN:96,System.Boolean assetgrid_backend.Controllers.UserController::Any()
FNDA:0,System.Boolean assetgrid_backend.Controllers.UserController::Any()
DA:97,0
DA:98,0
DA:99,0
FN:104,assetgrid_backend.Models.ViewModels.ViewPreferences assetgrid_backend.Controllers.UserController::Preferences(assetgrid_backend.Models.ViewModels.ViewPreferences)
FNDA:0,assetgrid_backend.Models.ViewModels.ViewPreferences assetgrid_backend.Controllers.UserController::Preferences(assetgrid_backend.Models.ViewModels.ViewPreferences)
DA:105,0
DA:106,0
DA:108,0
DA:109,0
DA:110,0
DA:111,0
DA:112,0
DA:113,0
DA:114,0
DA:115,0
DA:116,0
DA:118,0
DA:119,0
DA:120,0
DA:121,0
DA:122,0
DA:124,0
DA:125,0
DA:126,0
DA:127,0
DA:128,0
DA:130,0
DA:131,0
BRDA:111,170,0,0
BRDA:111,170,1,0
BRDA:124,273,0,0
BRDA:124,273,1,0
FN:17,System.Void assetgrid_backend.Controllers.UserController::.ctor(assetgrid_backend.Data.AssetgridDbContext,assetgrid_backend.Services.IUserService)
FNDA:0,System.Void assetgrid_backend.Controllers.UserController::.ctor(assetgrid_backend.Data.AssetgridDbContext,assetgrid_backend.Services.IUserService)
DA:18,0
DA:19,0
DA:20,0
DA:21,0
DA:22,0
LF:79
LH:0
BRF:12
BRH:0
FNF:6
FNH:0
end_of_record